#
# There is insufficient memory for the Java Runtime Environment to continue.
# Native memory allocation (malloc) failed to allocate 1048576 bytes. Error detail: AllocateHeap
# Possible reasons:
#   The system is out of physical RAM or swap space
#   This process is running with CompressedOops enabled, and the Java Heap may be blocking the growth of the native heap
# Possible solutions:
#   Reduce memory load on the system
#   Increase physical memory or swap space
#   Check if swap backing store is full
#   Decrease Java heap size (-Xmx/-Xms)
#   Decrease number of Java threads
#   Decrease Java thread stack sizes (-Xss)
#   Set larger code cache with -XX:ReservedCodeCacheSize=
#   JVM is running with Unscaled Compressed Oops mode in which the Java heap is
#     placed in the first 4GB address space. The Java Heap base address is the
#     maximum limit for the native heap growth. Please use -XX:HeapBaseMinAddress
#     to set the Java Heap base and to place the Java Heap above 4GB virtual address.
# This output file may be truncated or incomplete.
#
#  Out of Memory Error (allocation.cpp:44), pid=1800, tid=26892
#
# JRE version: OpenJDK Runtime Environment Temurin-21.0.10+7 (21.0.10+7) (build 21.0.10+7-LTS)
# Java VM: OpenJDK 64-Bit Server VM Temurin-21.0.10+7 (21.0.10+7-LTS, mixed mode, sharing, tiered, compressed oops, compressed class ptrs, parallel gc, windows-amd64)
# No core dump will be written. Minidumps are not enabled by default on client versions of Windows
#

---------------  S U M M A R Y ------------

Command Line: --add-modules=ALL-SYSTEM --add-opens=java.base/java.util=ALL-UNNAMED --add-opens=java.base/java.lang=ALL-UNNAMED --add-opens=java.base/sun.nio.fs=ALL-UNNAMED -Declipse.application=org.eclipse.jdt.ls.core.id1 -Dosgi.bundles.defaultStartLevel=4 -Declipse.product=org.eclipse.jdt.ls.core.product -Djava.import.generatesMetadataFilesAtProjectRoot=false -DDetectVMInstallationsJob.disabled=true -Dfile.encoding=utf8 -XX:+UseParallelGC -XX:GCTimeRatio=4 -XX:AdaptiveSizePolicyWeight=90 -Dsun.zip.disableMemoryMapping=true -Xmx2G -Xms100m -Xlog:disable -javaagent:c:\Users\USER\.vscode\extensions\redhat.java-1.54.0-win32-x64\lombok\lombok-1.18.39-4050.jar -XX:+HeapDumpOnOutOfMemoryError -XX:HeapDumpPath=c:\Users\USER\AppData\Roaming\Code\User\workspaceStorage\cd045c126cf2332a68b18ccbb19b3d90\redhat.java -Daether.dependencyCollector.impl=bf c:\Users\USER\.vscode\extensions\redhat.java-1.54.0-win32-x64\server\plugins\org.eclipse.equinox.launcher_1.7.100.v20251111-0406.jar -configuration c:\Users\USER\AppData\Roaming\Code\User\globalStorage\redhat.java\1.54.0\config_win -data c:\Users\USER\AppData\Roaming\Code\User\workspaceStorage\cd045c126cf2332a68b18ccbb19b3d90\redhat.java\jdt_ws --pipe=\\.\pipe\lsp-f1070662174bfaa759190eb7d001035c-sock

Host: Intel(R) Core(TM) i5-8265U CPU @ 1.60GHz, 8 cores, 7G,  Windows 11 , 64 bit Build 22000 (10.0.22000.2538)
Time: Mon Jun 22 17:09:15 2026 E. Africa Standard Time elapsed time: 74.984407 seconds (0d 0h 1m 14s)

---------------  T H R E A D  ---------------

Current thread (0x0000015e5f1b21c0):  JavaThread "Attach Listener" daemon [_thread_in_vm, id=26892, stack(0x0000002370300000,0x0000002370400000) (1024K)]

Stack: [0x0000002370300000,0x0000002370400000]
Native frames: (J=compiled Java code, j=interpreted, Vv=VM code, C=native code)
V  [jvm.dll+0x6d7a39]
V  [jvm.dll+0x8b4b26]
V  [jvm.dll+0x8b70de]
V  [jvm.dll+0x8b77c3]
V  [jvm.dll+0x284346]
V  [jvm.dll+0xc1277]
V  [jvm.dll+0x6d82e9]
V  [jvm.dll+0x1334a6]
V  [jvm.dll+0x3f857e]
V  [jvm.dll+0x85f59d]
V  [jvm.dll+0x6d626d]
C  [ucrtbase.dll+0x26c0c]
C  [KERNEL32.DLL+0x153e0]
C  [ntdll.dll+0x485b]


---------------  P R O C E S S  ---------------

Threads class SMR info:
_java_thread_list=0x0000015e68f58510, length=45, elements={
0x0000015e075eb7a0, 0x0000015e5f1acd70, 0x0000015e5f1ae230, 0x0000015e5f1b12a0,
0x0000015e5f1b21c0, 0x0000015e5f1b5690, 0x0000015e5f1bb240, 0x0000015e5f1c1830,
0x0000015e5f1e23a0, 0x0000015e60b974a0, 0x0000015e60c47970, 0x0000015e65742930,
0x0000015e657ea760, 0x0000015e65600620, 0x0000015e655fd6d0, 0x0000015e65ef1500,
0x0000015e65f25f60, 0x0000015e65453510, 0x0000015e65fb5400, 0x0000015e65fb5a90,
0x0000015e65fb6120, 0x0000015e65fb81f0, 0x0000015e65fb74d0, 0x0000015e65fb6e40,
0x0000015e68089b80, 0x0000015e6808d690, 0x0000015e680887d0, 0x0000015e6808a210,
0x0000015e6808a8a0, 0x0000015e680894f0, 0x0000015e68088e60, 0x0000015e6808bc50,
0x0000015e68088140, 0x0000015e6808af30, 0x0000015e6808b5c0, 0x0000015e6808c2e0,
0x0000015e6808f760, 0x0000015e6808c970, 0x0000015e6808d000, 0x0000015e6808dd20,
0x0000015e6808e3b0, 0x0000015e6808ea40, 0x0000015e6808f0d0, 0x0000015e682e3250,
0x0000015e682e66d0
}

Java Threads: ( => current thread )
  0x0000015e075eb7a0 JavaThread "main"                              [_thread_blocked, id=9356, stack(0x000000236fc00000,0x000000236fd00000) (1024K)]
  0x0000015e5f1acd70 JavaThread "Reference Handler"          daemon [_thread_blocked, id=14492, stack(0x0000002370000000,0x0000002370100000) (1024K)]
  0x0000015e5f1ae230 JavaThread "Finalizer"                  daemon [_thread_blocked, id=9036, stack(0x0000002370100000,0x0000002370200000) (1024K)]
  0x0000015e5f1b12a0 JavaThread "Signal Dispatcher"          daemon [_thread_blocked, id=8728, stack(0x0000002370200000,0x0000002370300000) (1024K)]
=>0x0000015e5f1b21c0 JavaThread "Attach Listener"            daemon [_thread_in_vm, id=26892, stack(0x0000002370300000,0x0000002370400000) (1024K)]
  0x0000015e5f1b5690 JavaThread "Service Thread"             daemon [_thread_blocked, id=936, stack(0x0000002370400000,0x0000002370500000) (1024K)]
  0x0000015e5f1bb240 JavaThread "Monitor Deflation Thread"   daemon [_thread_blocked, id=7472, stack(0x0000002370500000,0x0000002370600000) (1024K)]
  0x0000015e5f1c1830 JavaThread "C2 CompilerThread0"         daemon [_thread_blocked, id=12052, stack(0x0000002370600000,0x0000002370700000) (1024K)]
  0x0000015e5f1e23a0 JavaThread "C1 CompilerThread0"         daemon [_thread_blocked, id=15772, stack(0x0000002370700000,0x0000002370800000) (1024K)]
  0x0000015e60b974a0 JavaThread "Common-Cleaner"             daemon [_thread_blocked, id=8812, stack(0x0000002370800000,0x0000002370900000) (1024K)]
  0x0000015e60c47970 JavaThread "Notification Thread"        daemon [_thread_blocked, id=15464, stack(0x0000002370a00000,0x0000002370b00000) (1024K)]
  0x0000015e65742930 JavaThread "Active Thread: Equinox Container: ae871aa5-f500-42a6-9442-96e9b74aba50"        [_thread_blocked, id=12220, stack(0x0000002371100000,0x0000002371200000) (1024K)]
  0x0000015e657ea760 JavaThread "Refresh Thread: Equinox Container: ae871aa5-f500-42a6-9442-96e9b74aba50" daemon [_thread_blocked, id=3176, stack(0x0000002371300000,0x0000002371400000) (1024K)]
  0x0000015e65600620 JavaThread "Framework Event Dispatcher: Equinox Container: ae871aa5-f500-42a6-9442-96e9b74aba50" daemon [_thread_blocked, id=15416, stack(0x0000002371400000,0x0000002371500000) (1024K)]
  0x0000015e655fd6d0 JavaThread "Start Level: Equinox Container: ae871aa5-f500-42a6-9442-96e9b74aba50" daemon [_thread_blocked, id=28304, stack(0x0000002371500000,0x0000002371600000) (1024K)]
  0x0000015e65ef1500 JavaThread "Bundle File Closer"         daemon [_thread_blocked, id=27296, stack(0x0000002371600000,0x0000002371700000) (1024K)]
  0x0000015e65f25f60 JavaThread "SCR Component Actor"        daemon [_thread_blocked, id=17680, stack(0x0000002370900000,0x0000002370a00000) (1024K)]
  0x0000015e65453510 JavaThread "Worker-JM"                         [_thread_blocked, id=2236, stack(0x0000002371800000,0x0000002371900000) (1024K)]
  0x0000015e65fb5400 JavaThread "JNA Cleaner"                daemon [_thread_blocked, id=15892, stack(0x0000002371700000,0x0000002371800000) (1024K)]
  0x0000015e65fb5a90 JavaThread "Worker-0"                          [_thread_blocked, id=23592, stack(0x0000002371a00000,0x0000002371b00000) (1024K)]
  0x0000015e65fb6120 JavaThread "Worker-1"                          [_thread_blocked, id=10596, stack(0x0000002371b00000,0x0000002371c00000) (1024K)]
  0x0000015e65fb81f0 JavaThread "Worker-2"                          [_thread_blocked, id=18276, stack(0x0000002371c00000,0x0000002371d00000) (1024K)]
  0x0000015e65fb74d0 JavaThread "Java indexing"              daemon [_thread_blocked, id=6708, stack(0x0000002371d00000,0x0000002371e00000) (1024K)]
  0x0000015e65fb6e40 JavaThread "Worker-3"                          [_thread_blocked, id=872, stack(0x0000002372000000,0x0000002372100000) (1024K)]
  0x0000015e68089b80 JavaThread "Worker-4"                          [_thread_blocked, id=24296, stack(0x0000002372100000,0x0000002372200000) (1024K)]
  0x0000015e6808d690 JavaThread "Thread-1"                   daemon [_thread_in_native, id=10432, stack(0x0000002372200000,0x0000002372300000) (1024K)]
  0x0000015e680887d0 JavaThread "Thread-2"                   daemon [_thread_in_native, id=13272, stack(0x0000002372300000,0x0000002372400000) (1024K)]
  0x0000015e6808a210 JavaThread "Thread-3"                   daemon [_thread_in_native, id=11236, stack(0x0000002372400000,0x0000002372500000) (1024K)]
  0x0000015e6808a8a0 JavaThread "Thread-4"                   daemon [_thread_in_native, id=932, stack(0x0000002372500000,0x0000002372600000) (1024K)]
  0x0000015e680894f0 JavaThread "Thread-5"                   daemon [_thread_in_native, id=28176, stack(0x0000002372600000,0x0000002372700000) (1024K)]
  0x0000015e68088e60 JavaThread "Thread-6"                   daemon [_thread_in_native, id=8096, stack(0x0000002372700000,0x0000002372800000) (1024K)]
  0x0000015e6808bc50 JavaThread "Thread-7"                   daemon [_thread_in_native, id=10880, stack(0x0000002372800000,0x0000002372900000) (1024K)]
  0x0000015e68088140 JavaThread "Thread-8"                   daemon [_thread_in_native, id=28160, stack(0x0000002372900000,0x0000002372a00000) (1024K)]
  0x0000015e6808af30 JavaThread "Thread-9"                   daemon [_thread_in_native, id=13168, stack(0x0000002372a00000,0x0000002372b00000) (1024K)]
  0x0000015e6808b5c0 JavaThread "pool-2-thread-1"                   [_thread_blocked, id=9488, stack(0x0000002372b00000,0x0000002372c00000) (1024K)]
  0x0000015e6808c2e0 JavaThread "WorkspaceEventsHandler"            [_thread_blocked, id=28420, stack(0x0000002372c00000,0x0000002372d00000) (1024K)]
  0x0000015e6808f760 JavaThread "pool-1-thread-1"                   [_thread_blocked, id=18340, stack(0x0000002372d00000,0x0000002372e00000) (1024K)]
  0x0000015e6808c970 JavaThread "ForkJoinPool.commonPool-worker-1" daemon [_thread_blocked, id=12572, stack(0x0000002372e00000,0x0000002372f00000) (1024K)]
  0x0000015e6808d000 JavaThread "ForkJoinPool.commonPool-worker-2" daemon [_thread_blocked, id=27504, stack(0x0000002372f00000,0x0000002373000000) (1024K)]
  0x0000015e6808dd20 JavaThread "ForkJoinPool.commonPool-worker-3" daemon [_thread_blocked, id=188, stack(0x0000002373000000,0x0000002373100000) (1024K)]
  0x0000015e6808e3b0 JavaThread "ForkJoinPool.commonPool-worker-4" daemon [_thread_blocked, id=18708, stack(0x0000002373100000,0x0000002373200000) (1024K)]
  0x0000015e6808ea40 JavaThread "ForkJoinPool.commonPool-worker-5" daemon [_thread_blocked, id=7616, stack(0x0000002373200000,0x0000002373300000) (1024K)]
  0x0000015e6808f0d0 JavaThread "ForkJoinPool.commonPool-worker-6" daemon [_thread_blocked, id=13660, stack(0x0000002373300000,0x0000002373400000) (1024K)]
  0x0000015e682e3250 JavaThread "ForkJoinPool.commonPool-worker-7" daemon [_thread_blocked, id=18872, stack(0x0000002373400000,0x0000002373500000) (1024K)]
  0x0000015e682e66d0 JavaThread "Cleaner-0"                  daemon [_thread_blocked, id=24376, stack(0x0000002371900000,0x0000002371a00000) (1024K)]
Total: 45

Other Threads:
  0x0000015e5f18e0a0 VMThread "VM Thread"                           [id=5776, stack(0x000000236ff00000,0x0000002370000000) (1024K)]
  0x0000015e076b3a70 WatcherThread "VM Periodic Task Thread"        [id=6488, stack(0x000000236fe00000,0x000000236ff00000) (1024K)]
  0x0000015e0760cd20 WorkerThread "GC Thread#0"                     [id=2112, stack(0x000000236fd00000,0x000000236fe00000) (1024K)]
  0x0000015e65298f40 WorkerThread "GC Thread#1"                     [id=7748, stack(0x0000002370b00000,0x0000002370c00000) (1024K)]
  0x0000015e652992f0 WorkerThread "GC Thread#2"                     [id=10908, stack(0x0000002370c00000,0x0000002370d00000) (1024K)]
  0x0000015e65031740 WorkerThread "GC Thread#3"                     [id=24020, stack(0x0000002370d00000,0x0000002370e00000) (1024K)]
  0x0000015e65031af0 WorkerThread "GC Thread#4"                     [id=3028, stack(0x0000002370e00000,0x0000002370f00000) (1024K)]
  0x0000015e6539d560 WorkerThread "GC Thread#5"                     [id=8388, stack(0x0000002370f00000,0x0000002371000000) (1024K)]
  0x0000015e6539d910 WorkerThread "GC Thread#6"                     [id=15292, stack(0x0000002371000000,0x0000002371100000) (1024K)]
  0x0000015e6564bd00 WorkerThread "GC Thread#7"                     [id=18744, stack(0x0000002371200000,0x0000002371300000) (1024K)]
Total: 10

Threads with active compile tasks:
Total: 0

VM state: not at safepoint (normal execution)

VM Mutex/Monitor currently owned by a thread: None

Heap address: 0x0000000080000000, size: 2048 MB, Compressed Oops mode: 32-bit

CDS archive(s) mapped at: [0x0000015e1e000000-0x0000015e1eba0000-0x0000015e1eba0000), size 12189696, SharedBaseAddress: 0x0000015e1e000000, ArchiveRelocationMode: 1.
Compressed class space mapped at: 0x0000015e1f000000-0x0000015e5f000000, reserved size: 1073741824
Narrow klass base: 0x0000015e1e000000, Narrow klass shift: 0, Narrow klass range: 0x100000000

GC Precious Log:
 CardTable entry size: 512
 CPUs: 8 total, 8 available
 Memory: 7932M
 Large Page Support: Disabled
 NUMA Support: Disabled
 Compressed Oops: Enabled (32-bit)
 Alignments: Space 512K, Generation 512K, Heap 2M
 Heap Min Capacity: 100M
 Heap Initial Capacity: 100M
 Heap Max Capacity: 2G
 Pre-touch: Disabled
 Parallel Workers: 8

Heap:
 PSYoungGen      total 12288K, used 8946K [0x00000000d5580000, 0x00000000d6400000, 0x0000000100000000)
  eden space 11264K, 71% used [0x00000000d5580000,0x00000000d5d5b9d0,0x00000000d6080000)
  from space 1024K, 87% used [0x00000000d6300000,0x00000000d63e1210,0x00000000d6400000)
  to   space 1536K, 0% used [0x00000000d6100000,0x00000000d6100000,0x00000000d6280000)
 ParOldGen       total 110080K, used 109760K [0x0000000080000000, 0x0000000086b80000, 0x00000000d5580000)
  object space 110080K, 99% used [0x0000000080000000,0x0000000086b303e0,0x0000000086b80000)
 Metaspace       used 67990K, committed 69568K, reserved 1114112K
  class space    used 7062K, committed 7744K, reserved 1048576K

Card table byte_map: [0x0000015e06fd0000,0x0000015e073e0000] _byte_map_base: 0x0000015e06bd0000

Marking Bits: (ParMarkBitMap*) 0x00007ffcb58a3450
 Begin Bits: [0x0000015e19ab0000, 0x0000015e1bab0000)
 End Bits:   [0x0000015e1bab0000, 0x0000015e1dab0000)

Polling page: 0x0000015e06dc0000

Metaspace:

Usage:
  Non-class:     59.50 MB used.
      Class:      6.90 MB used.
       Both:     66.40 MB used.

Virtual space:
  Non-class space:       64.00 MB reserved,      60.38 MB ( 94%) committed,  1 nodes.
      Class space:        1.00 GB reserved,       7.56 MB ( <1%) committed,  1 nodes.
             Both:        1.06 GB reserved,      67.94 MB (  6%) committed. 

Chunk freelists:
   Non-Class:  3.30 MB
       Class:  8.48 MB
        Both:  11.78 MB

MaxMetaspaceSize: unlimited
CompressedClassSpaceSize: 1.00 GB
Initial GC threshold: 21.00 MB
Current GC threshold: 97.31 MB
CDS: on
 - commit_granule_bytes: 65536.
 - commit_granule_words: 8192.
 - virtual_space_node_default_size: 8388608.
 - enlarge_chunks_in_place: 1.
 - use_allocation_guard: 0.


Internal statistics:

num_allocs_failed_limit: 9.
num_arena_births: 1310.
num_arena_deaths: 14.
num_vsnodes_births: 2.
num_vsnodes_deaths: 0.
num_space_committed: 1087.
num_space_uncommitted: 0.
num_chunks_returned_to_freelist: 23.
num_chunks_taken_from_freelist: 4610.
num_chunk_merges: 11.
num_chunk_splits: 2799.
num_chunks_enlarged: 1537.
num_inconsistent_stats: 0.

CodeHeap 'non-profiled nmethods': size=120000Kb used=5272Kb max_used=5272Kb free=114727Kb
 bounds [0x0000015e122d0000, 0x0000015e12800000, 0x0000015e19800000]
CodeHeap 'profiled nmethods': size=120000Kb used=25581Kb max_used=25581Kb free=94418Kb
 bounds [0x0000015e0a800000, 0x0000015e0c100000, 0x0000015e11d30000]
CodeHeap 'non-nmethods': size=5760Kb used=1451Kb max_used=1526Kb free=4308Kb
 bounds [0x0000015e11d30000, 0x0000015e11fa0000, 0x0000015e122d0000]
CodeCache: size=245760Kb, used=32304Kb, max_used=32379Kb, free=213453Kb
 total_blobs=12324, nmethods=11556, adapters=672, full_count=0
Compilation: enabled, stopped_count=0, restarted_count=0

Compilation events (20 events):
Event: 40.601 Thread 0x0000015e6866f630 nmethod 9841 0x0000015e127e3090 code [0x0000015e127e3220, 0x0000015e127e32f8]
Event: 40.601 Thread 0x0000015e6866f630 9673       4       java.util.Properties$EntrySet::iterator (10 bytes)
Event: 40.602 Thread 0x0000015e6866f630 nmethod 9673 0x0000015e127e3410 code [0x0000015e127e35a0, 0x0000015e127e3650]
Event: 40.602 Thread 0x0000015e6866f630 9840       4       sun.nio.ch.FileKey::hashCode (42 bytes)
Event: 40.603 Thread 0x0000015e6866f630 nmethod 9840 0x0000015e127e3710 code [0x0000015e127e38a0, 0x0000015e127e3958]
Event: 40.603 Thread 0x0000015e6866f630 12195       4       lombok.eclipse.EclipseASTAdapter::visitLocal (1 bytes)
Event: 40.604 Thread 0x0000015e6866f630 nmethod 12195 0x0000015e127e3a10 code [0x0000015e127e3ba0, 0x0000015e127e3c28]
Event: 40.604 Thread 0x0000015e6866f630 12359       4       org.eclipse.jdt.core.dom.ASTVisitor::endVisit (1 bytes)
Event: 40.604 Thread 0x0000015e6866f630 nmethod 12359 0x0000015e127e3d10 code [0x0000015e127e3ea0, 0x0000015e127e3f28]
Event: 40.605 Thread 0x0000015e6866f630 12234       4       java.util.HashSet::clear (8 bytes)
Event: 40.606 Thread 0x0000015e6866f630 nmethod 12234 0x0000015e127e4010 code [0x0000015e127e41a0, 0x0000015e127e4250]
Event: 40.606 Thread 0x0000015e6866f630 12327       4       org.eclipse.jdt.internal.compiler.env.ITypeAnnotationWalker$1::toThrows (2 bytes)
Event: 40.606 Thread 0x0000015e6866f630 nmethod 12327 0x0000015e127e4310 code [0x0000015e127e44a0, 0x0000015e127e4528]
Event: 40.606 Thread 0x0000015e6866f630 9717       4       org.eclipse.sisu.wire.NamedIterableAdapter$NamedIterator::hasNext (10 bytes)
Event: 40.607 Thread 0x0000015e6866f630 nmethod 9717 0x0000015e127e4610 code [0x0000015e127e47a0, 0x0000015e127e4850]
Event: 40.607 Thread 0x0000015e6866f630 12285       4       org.eclipse.jdt.internal.compiler.ast.AbstractMethodDeclaration::arguments (5 bytes)
Event: 40.608 Thread 0x0000015e6866f630 nmethod 12285 0x0000015e127e4910 code [0x0000015e127e4aa0, 0x0000015e127e4b30]
Event: 40.608 Thread 0x0000015e6866f630 10125       4       java.lang.Character::toLowerCase (6 bytes)
Event: 40.610 Thread 0x0000015e6866f630 nmethod 10125 0x0000015e127e4c10 code [0x0000015e127e4da0, 0x0000015e127e4ec0]
Event: 41.639 Thread 0x0000015e5f1c1830 nmethod 12267 0x0000015e127e5010 code [0x0000015e127e6080, 0x0000015e127ef480]

GC Heap History (20 events):
Event: 35.440 GC heap before
{Heap before GC invocations=140 (full 3):
 PSYoungGen      total 19456K, used 19008K [0x00000000d5580000, 0x00000000d6b00000, 0x0000000100000000)
  eden space 16896K, 100% used [0x00000000d5580000,0x00000000d6600000,0x00000000d6600000)
  from space 2560K, 82% used [0x00000000d6880000,0x00000000d6a90298,0x00000000d6b00000)
  to   space 2560K, 0% used [0x00000000d6600000,0x00000000d6600000,0x00000000d6880000)
 ParOldGen       total 92672K, used 92400K [0x0000000080000000, 0x0000000085a80000, 0x00000000d5580000)
  object space 92672K, 99% used [0x0000000080000000,0x0000000085a3c230,0x0000000085a80000)
 Metaspace       used 63670K, committed 65152K, reserved 1114112K
  class space    used 6733K, committed 7360K, reserved 1048576K
}
Event: 35.455 GC heap after
{Heap after GC invocations=140 (full 3):
 PSYoungGen      total 19456K, used 2115K [0x00000000d5580000, 0x00000000d6b00000, 0x0000000100000000)
  eden space 16896K, 0% used [0x00000000d5580000,0x00000000d5580000,0x00000000d6600000)
  from space 2560K, 82% used [0x00000000d6600000,0x00000000d6810c90,0x00000000d6880000)
  to   space 2560K, 0% used [0x00000000d6880000,0x00000000d6880000,0x00000000d6b00000)
 ParOldGen       total 94720K, used 94362K [0x0000000080000000, 0x0000000085c80000, 0x00000000d5580000)
  object space 94720K, 99% used [0x0000000080000000,0x0000000085c26918,0x0000000085c80000)
 Metaspace       used 63670K, committed 65152K, reserved 1114112K
  class space    used 6733K, committed 7360K, reserved 1048576K
}
Event: 36.121 GC heap before
{Heap before GC invocations=141 (full 3):
 PSYoungGen      total 19456K, used 19000K [0x00000000d5580000, 0x00000000d6b00000, 0x0000000100000000)
  eden space 16896K, 99% used [0x00000000d5580000,0x00000000d65fd5b0,0x00000000d6600000)
  from space 2560K, 82% used [0x00000000d6600000,0x00000000d6810c90,0x00000000d6880000)
  to   space 2560K, 0% used [0x00000000d6880000,0x00000000d6880000,0x00000000d6b00000)
 ParOldGen       total 94720K, used 94362K [0x0000000080000000, 0x0000000085c80000, 0x00000000d5580000)
  object space 94720K, 99% used [0x0000000080000000,0x0000000085c26918,0x0000000085c80000)
 Metaspace       used 65005K, committed 66496K, reserved 1114112K
  class space    used 6863K, committed 7488K, reserved 1048576K
}
Event: 36.129 GC heap after
{Heap after GC invocations=141 (full 3):
 PSYoungGen      total 16384K, used 2536K [0x00000000d5580000, 0x00000000d7100000, 0x0000000100000000)
  eden space 13824K, 0% used [0x00000000d5580000,0x00000000d5580000,0x00000000d6300000)
  from space 2560K, 99% used [0x00000000d6880000,0x00000000d6afa1a0,0x00000000d6b00000)
  to   space 5632K, 0% used [0x00000000d6300000,0x00000000d6300000,0x00000000d6880000)
 ParOldGen       total 96768K, used 96666K [0x0000000080000000, 0x0000000085e80000, 0x00000000d5580000)
  object space 96768K, 99% used [0x0000000080000000,0x0000000085e66a40,0x0000000085e80000)
 Metaspace       used 65005K, committed 66496K, reserved 1114112K
  class space    used 6863K, committed 7488K, reserved 1048576K
}
Event: 36.546 GC heap before
{Heap before GC invocations=142 (full 3):
 PSYoungGen      total 16384K, used 16360K [0x00000000d5580000, 0x00000000d7100000, 0x0000000100000000)
  eden space 13824K, 100% used [0x00000000d5580000,0x00000000d6300000,0x00000000d6300000)
  from space 2560K, 99% used [0x00000000d6880000,0x00000000d6afa1a0,0x00000000d6b00000)
  to   space 5632K, 0% used [0x00000000d6300000,0x00000000d6300000,0x00000000d6880000)
 ParOldGen       total 96768K, used 96666K [0x0000000080000000, 0x0000000085e80000, 0x00000000d5580000)
  object space 96768K, 99% used [0x0000000080000000,0x0000000085e66a40,0x0000000085e80000)
 Metaspace       used 65801K, committed 67264K, reserved 1114112K
  class space    used 6923K, committed 7552K, reserved 1048576K
}
Event: 36.558 GC heap after
{Heap after GC invocations=142 (full 3):
 PSYoungGen      total 15872K, used 1575K [0x00000000d5580000, 0x00000000d6900000, 0x0000000100000000)
  eden space 13824K, 0% used [0x00000000d5580000,0x00000000d5580000,0x00000000d6300000)
  from space 2048K, 76% used [0x00000000d6300000,0x00000000d6489f60,0x00000000d6500000)
  to   space 3072K, 0% used [0x00000000d6600000,0x00000000d6600000,0x00000000d6900000)
 ParOldGen       total 99328K, used 99099K [0x0000000080000000, 0x0000000086100000, 0x00000000d5580000)
  object space 99328K, 99% used [0x0000000080000000,0x00000000860c6f38,0x0000000086100000)
 Metaspace       used 65801K, committed 67264K, reserved 1114112K
  class space    used 6923K, committed 7552K, reserved 1048576K
}
Event: 36.856 GC heap before
{Heap before GC invocations=143 (full 3):
 PSYoungGen      total 15872K, used 15399K [0x00000000d5580000, 0x00000000d6900000, 0x0000000100000000)
  eden space 13824K, 100% used [0x00000000d5580000,0x00000000d6300000,0x00000000d6300000)
  from space 2048K, 76% used [0x00000000d6300000,0x00000000d6489f60,0x00000000d6500000)
  to   space 3072K, 0% used [0x00000000d6600000,0x00000000d6600000,0x00000000d6900000)
 ParOldGen       total 99328K, used 99099K [0x0000000080000000, 0x0000000086100000, 0x00000000d5580000)
  object space 99328K, 99% used [0x0000000080000000,0x00000000860c6f38,0x0000000086100000)
 Metaspace       used 66213K, committed 67712K, reserved 1114112K
  class space    used 6950K, committed 7616K, reserved 1048576K
}
Event: 36.866 GC heap after
{Heap after GC invocations=143 (full 3):
 PSYoungGen      total 16896K, used 2624K [0x00000000d5580000, 0x00000000d6900000, 0x0000000100000000)
  eden space 13824K, 0% used [0x00000000d5580000,0x00000000d5580000,0x00000000d6300000)
  from space 3072K, 85% used [0x00000000d6600000,0x00000000d6890200,0x00000000d6900000)
  to   space 3072K, 0% used [0x00000000d6300000,0x00000000d6300000,0x00000000d6600000)
 ParOldGen       total 100352K, used 100285K [0x0000000080000000, 0x0000000086200000, 0x00000000d5580000)
  object space 100352K, 99% used [0x0000000080000000,0x00000000861ef460,0x0000000086200000)
 Metaspace       used 66213K, committed 67712K, reserved 1114112K
  class space    used 6950K, committed 7616K, reserved 1048576K
}
Event: 37.332 GC heap before
{Heap before GC invocations=144 (full 3):
 PSYoungGen      total 16896K, used 16448K [0x00000000d5580000, 0x00000000d6900000, 0x0000000100000000)
  eden space 13824K, 100% used [0x00000000d5580000,0x00000000d6300000,0x00000000d6300000)
  from space 3072K, 85% used [0x00000000d6600000,0x00000000d6890200,0x00000000d6900000)
  to   space 3072K, 0% used [0x00000000d6300000,0x00000000d6300000,0x00000000d6600000)
 ParOldGen       total 100352K, used 100285K [0x0000000080000000, 0x0000000086200000, 0x00000000d5580000)
  object space 100352K, 99% used [0x0000000080000000,0x00000000861ef460,0x0000000086200000)
 Metaspace       used 66773K, committed 68288K, reserved 1114112K
  class space    used 6993K, committed 7680K, reserved 1048576K
}
Event: 37.342 GC heap after
{Heap after GC invocations=144 (full 3):
 PSYoungGen      total 15872K, used 1785K [0x00000000d5580000, 0x00000000d6800000, 0x0000000100000000)
  eden space 13824K, 0% used [0x00000000d5580000,0x00000000d5580000,0x00000000d6300000)
  from space 2048K, 87% used [0x00000000d6300000,0x00000000d64be410,0x00000000d6500000)
  to   space 2560K, 0% used [0x00000000d6580000,0x00000000d6580000,0x00000000d6800000)
 ParOldGen       total 102400K, used 102180K [0x0000000080000000, 0x0000000086400000, 0x00000000d5580000)
  object space 102400K, 99% used [0x0000000080000000,0x00000000863c90e0,0x0000000086400000)
 Metaspace       used 66773K, committed 68288K, reserved 1114112K
  class space    used 6993K, committed 7680K, reserved 1048576K
}
Event: 37.636 GC heap before
{Heap before GC invocations=145 (full 3):
 PSYoungGen      total 15872K, used 15609K [0x00000000d5580000, 0x00000000d6800000, 0x0000000100000000)
  eden space 13824K, 100% used [0x00000000d5580000,0x00000000d6300000,0x00000000d6300000)
  from space 2048K, 87% used [0x00000000d6300000,0x00000000d64be410,0x00000000d6500000)
  to   space 2560K, 0% used [0x00000000d6580000,0x00000000d6580000,0x00000000d6800000)
 ParOldGen       total 102400K, used 102180K [0x0000000080000000, 0x0000000086400000, 0x00000000d5580000)
  object space 102400K, 99% used [0x0000000080000000,0x00000000863c90e0,0x0000000086400000)
 Metaspace       used 66985K, committed 68480K, reserved 1114112K
  class space    used 7002K, committed 7680K, reserved 1048576K
}
Event: 37.644 GC heap after
{Heap after GC invocations=145 (full 3):
 PSYoungGen      total 16384K, used 2329K [0x00000000d5580000, 0x00000000d6800000, 0x0000000100000000)
  eden space 13824K, 0% used [0x00000000d5580000,0x00000000d5580000,0x00000000d6300000)
  from space 2560K, 90% used [0x00000000d6580000,0x00000000d67c6450,0x00000000d6800000)
  to   space 2560K, 0% used [0x00000000d6300000,0x00000000d6300000,0x00000000d6580000)
 ParOldGen       total 103936K, used 103796K [0x0000000080000000, 0x0000000086580000, 0x00000000d5580000)
  object space 103936K, 99% used [0x0000000080000000,0x000000008655d180,0x0000000086580000)
 Metaspace       used 66985K, committed 68480K, reserved 1114112K
  class space    used 7002K, committed 7680K, reserved 1048576K
}
Event: 37.859 GC heap before
{Heap before GC invocations=146 (full 3):
 PSYoungGen      total 16384K, used 16153K [0x00000000d5580000, 0x00000000d6800000, 0x0000000100000000)
  eden space 13824K, 100% used [0x00000000d5580000,0x00000000d6300000,0x00000000d6300000)
  from space 2560K, 90% used [0x00000000d6580000,0x00000000d67c6450,0x00000000d6800000)
  to   space 2560K, 0% used [0x00000000d6300000,0x00000000d6300000,0x00000000d6580000)
 ParOldGen       total 103936K, used 103796K [0x0000000080000000, 0x0000000086580000, 0x00000000d5580000)
  object space 103936K, 99% used [0x0000000080000000,0x000000008655d180,0x0000000086580000)
 Metaspace       used 67045K, committed 68544K, reserved 1114112K
  class space    used 7008K, committed 7680K, reserved 1048576K
}
Event: 37.867 GC heap after
{Heap after GC invocations=146 (full 3):
 PSYoungGen      total 15872K, used 1732K [0x00000000d5580000, 0x00000000d6700000, 0x0000000100000000)
  eden space 13824K, 0% used [0x00000000d5580000,0x00000000d5580000,0x00000000d6300000)
  from space 2048K, 84% used [0x00000000d6300000,0x00000000d64b11b0,0x00000000d6500000)
  to   space 2048K, 0% used [0x00000000d6500000,0x00000000d6500000,0x00000000d6700000)
 ParOldGen       total 105984K, used 105926K [0x0000000080000000, 0x0000000086780000, 0x00000000d5580000)
  object space 105984K, 99% used [0x0000000080000000,0x0000000086771a30,0x0000000086780000)
 Metaspace       used 67045K, committed 68544K, reserved 1114112K
  class space    used 7008K, committed 7680K, reserved 1048576K
}
Event: 38.069 GC heap before
{Heap before GC invocations=147 (full 3):
 PSYoungGen      total 15872K, used 15556K [0x00000000d5580000, 0x00000000d6700000, 0x0000000100000000)
  eden space 13824K, 100% used [0x00000000d5580000,0x00000000d6300000,0x00000000d6300000)
  from space 2048K, 84% used [0x00000000d6300000,0x00000000d64b11b0,0x00000000d6500000)
  to   space 2048K, 0% used [0x00000000d6500000,0x00000000d6500000,0x00000000d6700000)
 ParOldGen       total 105984K, used 105926K [0x0000000080000000, 0x0000000086780000, 0x00000000d5580000)
  object space 105984K, 99% used [0x0000000080000000,0x0000000086771a30,0x0000000086780000)
 Metaspace       used 67287K, committed 68736K, reserved 1114112K
  class space    used 7041K, committed 7680K, reserved 1048576K
}
Event: 38.083 GC heap after
{Heap after GC invocations=147 (full 3):
 PSYoungGen      total 13312K, used 2023K [0x00000000d5580000, 0x00000000d6c00000, 0x0000000100000000)
  eden space 11264K, 0% used [0x00000000d5580000,0x00000000d5580000,0x00000000d6080000)
  from space 2048K, 98% used [0x00000000d6500000,0x00000000d66f9de8,0x00000000d6700000)
  to   space 4608K, 0% used [0x00000000d6080000,0x00000000d6080000,0x00000000d6500000)
 ParOldGen       total 108032K, used 108005K [0x0000000080000000, 0x0000000086980000, 0x00000000d5580000)
  object space 108032K, 99% used [0x0000000080000000,0x0000000086979430,0x0000000086980000)
 Metaspace       used 67287K, committed 68736K, reserved 1114112K
  class space    used 7041K, committed 7680K, reserved 1048576K
}
Event: 38.286 GC heap before
{Heap before GC invocations=148 (full 3):
 PSYoungGen      total 13312K, used 13287K [0x00000000d5580000, 0x00000000d6c00000, 0x0000000100000000)
  eden space 11264K, 100% used [0x00000000d5580000,0x00000000d6080000,0x00000000d6080000)
  from space 2048K, 98% used [0x00000000d6500000,0x00000000d66f9de8,0x00000000d6700000)
  to   space 4608K, 0% used [0x00000000d6080000,0x00000000d6080000,0x00000000d6500000)
 ParOldGen       total 108032K, used 108005K [0x0000000080000000, 0x0000000086980000, 0x00000000d5580000)
  object space 108032K, 99% used [0x0000000080000000,0x0000000086979430,0x0000000086980000)
 Metaspace       used 67473K, committed 68992K, reserved 1114112K
  class space    used 7048K, committed 7744K, reserved 1048576K
}
Event: 38.290 GC heap after
{Heap after GC invocations=148 (full 3):
 PSYoungGen      total 12800K, used 1204K [0x00000000d5580000, 0x00000000d6580000, 0x0000000100000000)
  eden space 11264K, 0% used [0x00000000d5580000,0x00000000d5580000,0x00000000d6080000)
  from space 1536K, 78% used [0x00000000d6080000,0x00000000d61ad220,0x00000000d6200000)
  to   space 2560K, 0% used [0x00000000d6300000,0x00000000d6300000,0x00000000d6580000)
 ParOldGen       total 109056K, used 108719K [0x0000000080000000, 0x0000000086a80000, 0x00000000d5580000)
  object space 109056K, 99% used [0x0000000080000000,0x0000000086a2bf10,0x0000000086a80000)
 Metaspace       used 67473K, committed 68992K, reserved 1114112K
  class space    used 7048K, committed 7744K, reserved 1048576K
}
Event: 38.683 GC heap before
{Heap before GC invocations=149 (full 3):
 PSYoungGen      total 12800K, used 12468K [0x00000000d5580000, 0x00000000d6580000, 0x0000000100000000)
  eden space 11264K, 100% used [0x00000000d5580000,0x00000000d6080000,0x00000000d6080000)
  from space 1536K, 78% used [0x00000000d6080000,0x00000000d61ad220,0x00000000d6200000)
  to   space 2560K, 0% used [0x00000000d6300000,0x00000000d6300000,0x00000000d6580000)
 ParOldGen       total 109056K, used 108719K [0x0000000080000000, 0x0000000086a80000, 0x00000000d5580000)
  object space 109056K, 99% used [0x0000000080000000,0x0000000086a2bf10,0x0000000086a80000)
 Metaspace       used 67741K, committed 69312K, reserved 1114112K
  class space    used 7048K, committed 7744K, reserved 1048576K
}
Event: 38.688 GC heap after
{Heap after GC invocations=149 (full 3):
 PSYoungGen      total 12288K, used 900K [0x00000000d5580000, 0x00000000d6400000, 0x0000000100000000)
  eden space 11264K, 0% used [0x00000000d5580000,0x00000000d5580000,0x00000000d6080000)
  from space 1024K, 87% used [0x00000000d6300000,0x00000000d63e1210,0x00000000d6400000)
  to   space 1536K, 0% used [0x00000000d6100000,0x00000000d6100000,0x00000000d6280000)
 ParOldGen       total 110080K, used 109760K [0x0000000080000000, 0x0000000086b80000, 0x00000000d5580000)
  object space 110080K, 99% used [0x0000000080000000,0x0000000086b303e0,0x0000000086b80000)
 Metaspace       used 67741K, committed 69312K, reserved 1114112K
  class space    used 7048K, committed 7744K, reserved 1048576K
}

Dll operation events (10 events):
Event: 0.017 Loaded shared library c:\Users\USER\.vscode\extensions\redhat.java-1.54.0-win32-x64\jre\21.0.10-win32-x86_64\bin\java.dll
Event: 0.157 Loaded shared library c:\Users\USER\.vscode\extensions\redhat.java-1.54.0-win32-x64\jre\21.0.10-win32-x86_64\bin\zip.dll
Event: 0.221 Loaded shared library C:\Users\USER\.vscode\extensions\redhat.java-1.54.0-win32-x64\jre\21.0.10-win32-x86_64\bin\instrument.dll
Event: 0.232 Loaded shared library C:\Users\USER\.vscode\extensions\redhat.java-1.54.0-win32-x64\jre\21.0.10-win32-x86_64\bin\net.dll
Event: 0.238 Loaded shared library C:\Users\USER\.vscode\extensions\redhat.java-1.54.0-win32-x64\jre\21.0.10-win32-x86_64\bin\nio.dll
Event: 0.246 Loaded shared library C:\Users\USER\.vscode\extensions\redhat.java-1.54.0-win32-x64\jre\21.0.10-win32-x86_64\bin\zip.dll
Event: 0.294 Loaded shared library C:\Users\USER\.vscode\extensions\redhat.java-1.54.0-win32-x64\jre\21.0.10-win32-x86_64\bin\jimage.dll
Event: 0.489 Loaded shared library c:\Users\USER\.vscode\extensions\redhat.java-1.54.0-win32-x64\jre\21.0.10-win32-x86_64\bin\verify.dll
Event: 2.977 Loaded shared library C:\Users\USER\AppData\Roaming\Code\User\globalStorage\redhat.java\1.54.0\config_win\org.eclipse.equinox.launcher\org.eclipse.equinox.launcher.win32.win32.x86_64_1.3.0.v20260203-2149\eclipse_11919.dll
Event: 8.010 Loaded shared library C:\Users\USER\AppData\Local\Temp\jna--1514262070\jna11379631623646755439.dll

Deoptimization events (20 events):
Event: 38.017 Thread 0x0000015e6808f760 DEOPT PACKING pc=0x0000015e1238c804 sp=0x0000002372dfe3f0
Event: 38.017 Thread 0x0000015e6808f760 DEOPT UNPACKING pc=0x0000015e11d83aa2 sp=0x0000002372dfe360 mode 2
Event: 38.017 Thread 0x0000015e6808f760 Uncommon trap: trap_request=0xffffff45 fr.pc=0x0000015e124e1a20 relative=0x0000000000000360
Event: 38.017 Thread 0x0000015e6808f760 Uncommon trap: reason=unstable_if action=reinterpret pc=0x0000015e124e1a20 method=java.lang.Long.getChars(JI[B)I @ 6 c2
Event: 38.017 Thread 0x0000015e6808f760 DEOPT PACKING pc=0x0000015e124e1a20 sp=0x0000002372dfe3e0
Event: 38.017 Thread 0x0000015e6808f760 DEOPT UNPACKING pc=0x0000015e11d83aa2 sp=0x0000002372dfe338 mode 2
Event: 38.052 Thread 0x0000015e6808c970 DEOPT PACKING pc=0x0000015e0b4eaf23 sp=0x0000002372ef83e0
Event: 38.052 Thread 0x0000015e6808c970 DEOPT UNPACKING pc=0x0000015e11d84242 sp=0x0000002372ef78a8 mode 0
Event: 38.056 Thread 0x0000015e6808c970 DEOPT PACKING pc=0x0000015e0b5903d4 sp=0x0000002372ef7ff0
Event: 38.056 Thread 0x0000015e6808c970 DEOPT UNPACKING pc=0x0000015e11d84242 sp=0x0000002372ef7700 mode 0
Event: 38.145 Thread 0x0000015e65fb5a90 DEOPT PACKING pc=0x0000015e0bcb5ea2 sp=0x0000002371afd5d0
Event: 38.145 Thread 0x0000015e65fb5a90 DEOPT UNPACKING pc=0x0000015e11d84242 sp=0x0000002371afc9f8 mode 0
Event: 38.217 Thread 0x0000015e6808dd20 DEOPT PACKING pc=0x0000015e0bc9d442 sp=0x00000023730fd9e0
Event: 38.217 Thread 0x0000015e6808dd20 DEOPT UNPACKING pc=0x0000015e11d84242 sp=0x00000023730fce00 mode 0
Event: 38.641 Thread 0x0000015e6808dd20 DEOPT PACKING pc=0x0000015e0bd24057 sp=0x00000023730fdcf0
Event: 38.641 Thread 0x0000015e6808dd20 DEOPT UNPACKING pc=0x0000015e11d84242 sp=0x00000023730fd1d0 mode 0
Event: 38.904 Thread 0x0000015e6808dd20 Uncommon trap: trap_request=0xffffffde fr.pc=0x0000015e12671398 relative=0x0000000000000078
Event: 38.904 Thread 0x0000015e6808dd20 Uncommon trap: reason=class_check action=maybe_recompile pc=0x0000015e12671398 method=java.util.LinkedHashMap.afterNodeInsertion(Z)V @ 15 c2
Event: 38.904 Thread 0x0000015e6808dd20 DEOPT PACKING pc=0x0000015e12671398 sp=0x00000023730feac0
Event: 38.904 Thread 0x0000015e6808dd20 DEOPT UNPACKING pc=0x0000015e11d83aa2 sp=0x00000023730fea38 mode 2

Classes loaded (20 events):
Event: 33.159 Loading class sun/util/resources/TimeZoneNamesBundle done
Event: 33.159 Loading class sun/util/resources/cldr/TimeZoneNames done
Event: 33.160 Loading class sun/util/resources/cldr/TimeZoneNames_en
Event: 33.164 Loading class sun/util/resources/cldr/TimeZoneNames_en done
Event: 33.165 Loading class sun/util/resources/cldr/TimeZoneNames_en_US
Event: 33.165 Loading class sun/util/resources/cldr/TimeZoneNames_en_US done
Event: 33.177 Loading class sun/util/cldr/CLDRBaseLocaleDataMetaInfo$TZCanonicalIDMapHolder
Event: 33.181 Loading class sun/util/cldr/CLDRBaseLocaleDataMetaInfo$TZCanonicalIDMapHolder done
Event: 33.185 Loading class sun/util/resources/TimeZoneNames
Event: 33.188 Loading class sun/util/resources/TimeZoneNames done
Event: 33.189 Loading class sun/util/resources/TimeZoneNames_en
Event: 33.189 Loading class sun/util/resources/TimeZoneNames_en done
Event: 34.314 Loading class java/util/stream/ReduceOps$4
Event: 34.314 Loading class java/util/stream/ReduceOps$4 done
Event: 34.314 Loading class java/util/stream/ReduceOps$4ReducingSink
Event: 34.315 Loading class java/util/stream/ReduceOps$4ReducingSink done
Event: 36.089 Loading class java/nio/file/Files$2
Event: 36.090 Loading class java/nio/file/Files$2 done
Event: 36.970 Loading class jdk/internal/ref/CleanerImpl$InnocuousThreadFactory
Event: 36.970 Loading class jdk/internal/ref/CleanerImpl$InnocuousThreadFactory done

Classes unloaded (7 events):
Event: 9.160 Thread 0x0000015e5f18e0a0 Unloading class 0x0000015e1f1a5000 'java/lang/invoke/LambdaForm$MH+0x0000015e1f1a5000'
Event: 9.160 Thread 0x0000015e5f18e0a0 Unloading class 0x0000015e1f1a4c00 'java/lang/invoke/LambdaForm$MH+0x0000015e1f1a4c00'
Event: 9.160 Thread 0x0000015e5f18e0a0 Unloading class 0x0000015e1f1a4800 'java/lang/invoke/LambdaForm$MH+0x0000015e1f1a4800'
Event: 9.160 Thread 0x0000015e5f18e0a0 Unloading class 0x0000015e1f1a4400 'java/lang/invoke/LambdaForm$MH+0x0000015e1f1a4400'
Event: 9.160 Thread 0x0000015e5f18e0a0 Unloading class 0x0000015e1f1a4000 'java/lang/invoke/LambdaForm$BMH+0x0000015e1f1a4000'
Event: 9.160 Thread 0x0000015e5f18e0a0 Unloading class 0x0000015e1f1a3c00 'java/lang/invoke/LambdaForm$DMH+0x0000015e1f1a3c00'
Event: 9.160 Thread 0x0000015e5f18e0a0 Unloading class 0x0000015e1f1a2800 'java/lang/invoke/LambdaForm$DMH+0x0000015e1f1a2800'

Classes redefined (0 events):
No events

Internal exceptions (20 events):
Event: 32.601 Thread 0x0000015e6808c970 Exception <a 'java/lang/IncompatibleClassChangeError'{0x00000000d5596428}: Found class java.lang.Object, but interface was expected> (0x00000000d5596428) 
thrown [s\src\hotspot\share\interpreter\linkResolver.cpp, line 840]
Event: 32.798 Thread 0x0000015e682e3250 Implicit null exception at 0x0000015e1247d189 to 0x0000015e1247d29c
Event: 32.799 Thread 0x0000015e682e3250 Implicit null exception at 0x0000015e12492e5a to 0x0000015e12492ee9
Event: 33.392 Thread 0x0000015e6808f0d0 Exception <a 'sun/nio/fs/WindowsException'{0x00000000d6285fe0}> (0x00000000d6285fe0) 
thrown [s\src\hotspot\share\prims\jni.cpp, line 520]
Event: 33.393 Thread 0x0000015e6808f0d0 Exception <a 'sun/nio/fs/WindowsException'{0x00000000d62868e0}> (0x00000000d62868e0) 
thrown [s\src\hotspot\share\prims\jni.cpp, line 520]
Event: 33.394 Thread 0x0000015e6808f0d0 Exception <a 'sun/nio/fs/WindowsException'{0x00000000d6287628}> (0x00000000d6287628) 
thrown [s\src\hotspot\share\prims\jni.cpp, line 520]
Event: 33.394 Thread 0x0000015e6808f0d0 Exception <a 'sun/nio/fs/WindowsException'{0x00000000d6287f08}> (0x00000000d6287f08) 
thrown [s\src\hotspot\share\prims\jni.cpp, line 520]
Event: 33.396 Thread 0x0000015e6808f0d0 Exception <a 'sun/nio/fs/WindowsException'{0x00000000d6289700}> (0x00000000d6289700) 
thrown [s\src\hotspot\share\prims\jni.cpp, line 520]
Event: 33.396 Thread 0x0000015e6808f0d0 Exception <a 'sun/nio/fs/WindowsException'{0x00000000d6289fe0}> (0x00000000d6289fe0) 
thrown [s\src\hotspot\share\prims\jni.cpp, line 520]
Event: 33.419 Thread 0x0000015e6808f0d0 Exception <a 'sun/nio/fs/WindowsException'{0x00000000d5699580}> (0x00000000d5699580) 
thrown [s\src\hotspot\share\prims\jni.cpp, line 520]
Event: 33.419 Thread 0x0000015e6808f0d0 Exception <a 'sun/nio/fs/WindowsException'{0x00000000d5699e60}> (0x00000000d5699e60) 
thrown [s\src\hotspot\share\prims\jni.cpp, line 520]
Event: 34.326 Thread 0x0000015e65fb5a90 Exception <a 'java/lang/NoSuchMethodError'{0x00000000d5b96e68}: 'int java.lang.invoke.DirectMethodHandle$Holder.invokeSpecialIFC(java.lang.Object, java.lang.Object, java.lang.Object)'> (0x00000000d5b96e68) 
thrown [s\src\hotspot\share\interpreter\linkResolver.cpp, line 773]
Event: 34.326 Thread 0x0000015e6808c970 Exception <a 'java/lang/NoSuchMethodError'{0x00000000d5ba4430}: 'int java.lang.invoke.DirectMethodHandle$Holder.invokeSpecialIFC(java.lang.Object, java.lang.Object, java.lang.Object)'> (0x00000000d5ba4430) 
thrown [s\src\hotspot\share\interpreter\linkResolver.cpp, line 773]
Event: 34.326 Thread 0x0000015e6808dd20 Exception <a 'java/lang/NoSuchMethodError'{0x00000000d5bb9f18}: 'int java.lang.invoke.DirectMethodHandle$Holder.invokeSpecialIFC(java.lang.Object, java.lang.Object, java.lang.Object)'> (0x00000000d5bb9f18) 
thrown [s\src\hotspot\share\interpreter\linkResolver.cpp, line 773]
Event: 34.394 Thread 0x0000015e6808dd20 Exception <a 'java/lang/LinkageError'{0x00000000d5e60680}: loader lombok.launch.ShadowClassLoader @51636f61 attempted duplicate class definition for lombok.launch.PatchFixesHider$Delegate. (lombok.launch.PatchFixesHider$Delegate is in unnamed module of loader lombok.launch.ShadowClassLoader @51636f61, parent loader org.eclipse.osgi.internal.loader.EquinoxClassLoader @73d2e0c)> (0x00000000d5e60680) 
thrown [s\src\hotspot\share\classfile\systemDictionary.cpp, line 1672]
Event: 34.395 Thread 0x0000015e65fb5a90 Exception <a 'java/lang/LinkageError'{0x00000000d5dc1388}: loader lombok.launch.ShadowClassLoader @51636f61 attempted duplicate class definition for lombok.launch.PatchFixesHider$Delegate. (lombok.launch.PatchFixesHider$Delegate is in unnamed module of loader lombok.launch.ShadowClassLoader @51636f61, parent loader org.eclipse.osgi.internal.loader.EquinoxClassLoader @73d2e0c)> (0x00000000d5dc1388) 
thrown [s\src\hotspot\share\classfile\systemDictionary.cpp, line 1672]
Event: 35.436 Thread 0x0000015e6808c970 Exception <a 'java/lang/NoSuchMethodError'{0x00000000d65985f0}: 'void java.lang.invoke.DirectMethodHandle$Holder.invokeVirtual(java.lang.Object, java.lang.Object, java.lang.Object, java.lang.Object, java.lang.Object)'> (0x00000000d65985f0) 
thrown [s\src\hotspot\share\interpreter\linkResolver.cpp, line 773]
Event: 35.693 Thread 0x0000015e65fb5a90 Exception <a 'java/io/FileNotFoundException'{0x00000000d5e91738}> (0x00000000d5e91738) 
thrown [s\src\hotspot\share\prims\jni.cpp, line 520]
Event: 35.693 Thread 0x0000015e65fb5a90 Exception <a 'java/io/FileNotFoundException'{0x00000000d5e92810}> (0x00000000d5e92810) 
thrown [s\src\hotspot\share\prims\jni.cpp, line 520]
Event: 35.694 Thread 0x0000015e65fb5a90 Exception <a 'java/io/FileNotFoundException'{0x00000000d5e93570}> (0x00000000d5e93570) 
thrown [s\src\hotspot\share\prims\jni.cpp, line 520]

ZGC Phase Switch (0 events):
No events

VM Operations (20 events):
Event: 36.855 Executing safepoint VM operation: ParallelGCFailedAllocation (Allocation Failure)
Event: 36.866 Executing safepoint VM operation: ParallelGCFailedAllocation (Allocation Failure) done
Event: 37.331 Executing safepoint VM operation: ParallelGCFailedAllocation (Allocation Failure)
Event: 37.342 Executing safepoint VM operation: ParallelGCFailedAllocation (Allocation Failure) done
Event: 37.636 Executing safepoint VM operation: ParallelGCFailedAllocation (Allocation Failure)
Event: 37.644 Executing safepoint VM operation: ParallelGCFailedAllocation (Allocation Failure) done
Event: 37.858 Executing safepoint VM operation: ParallelGCFailedAllocation (Allocation Failure)
Event: 37.867 Executing safepoint VM operation: ParallelGCFailedAllocation (Allocation Failure) done
Event: 38.066 Executing safepoint VM operation: ParallelGCFailedAllocation (Allocation Failure)
Event: 38.083 Executing safepoint VM operation: ParallelGCFailedAllocation (Allocation Failure) done
Event: 38.285 Executing safepoint VM operation: ParallelGCFailedAllocation (Allocation Failure)
Event: 38.291 Executing safepoint VM operation: ParallelGCFailedAllocation (Allocation Failure) done
Event: 38.683 Executing safepoint VM operation: ParallelGCFailedAllocation (Allocation Failure)
Event: 38.688 Executing safepoint VM operation: ParallelGCFailedAllocation (Allocation Failure) done
Event: 39.689 Executing safepoint VM operation: Cleanup
Event: 39.689 Executing safepoint VM operation: Cleanup done
Event: 60.154 Executing non-safepoint VM operation: HandshakeAllThreads (HandshakeForDeflation)
Event: 60.154 Executing non-safepoint VM operation: HandshakeAllThreads (HandshakeForDeflation) done
Event: 60.154 Executing non-safepoint VM operation: RendezvousGCThreads
Event: 60.154 Executing non-safepoint VM operation: RendezvousGCThreads done

Memory protections (0 events):
No events

Nmethod flushes (20 events):
Event: 27.364 Thread 0x0000015e5f18e0a0 flushing  nmethod 0x0000015e0b03d710
Event: 27.364 Thread 0x0000015e5f18e0a0 flushing  nmethod 0x0000015e0b041c10
Event: 27.364 Thread 0x0000015e5f18e0a0 flushing  nmethod 0x0000015e0b042710
Event: 27.364 Thread 0x0000015e5f18e0a0 flushing  nmethod 0x0000015e0b047d10
Event: 27.364 Thread 0x0000015e5f18e0a0 flushing  nmethod 0x0000015e0b049290
Event: 27.364 Thread 0x0000015e5f18e0a0 flushing  nmethod 0x0000015e0b07ed90
Event: 27.364 Thread 0x0000015e5f18e0a0 flushing osr nmethod 0x0000015e0b0d7b10
Event: 27.364 Thread 0x0000015e5f18e0a0 flushing  nmethod 0x0000015e0b0e4890
Event: 27.364 Thread 0x0000015e5f18e0a0 flushing  nmethod 0x0000015e0b0ff690
Event: 27.364 Thread 0x0000015e5f18e0a0 flushing  nmethod 0x0000015e0b105110
Event: 27.364 Thread 0x0000015e5f18e0a0 flushing  nmethod 0x0000015e0b117c10
Event: 27.364 Thread 0x0000015e5f18e0a0 flushing  nmethod 0x0000015e0b117f90
Event: 27.364 Thread 0x0000015e5f18e0a0 flushing  nmethod 0x0000015e0b118310
Event: 27.364 Thread 0x0000015e5f18e0a0 flushing  nmethod 0x0000015e0b133190
Event: 27.364 Thread 0x0000015e5f18e0a0 flushing  nmethod 0x0000015e0b133790
Event: 27.364 Thread 0x0000015e5f18e0a0 flushing  nmethod 0x0000015e0b134010
Event: 27.364 Thread 0x0000015e5f18e0a0 flushing  nmethod 0x0000015e0b140f10
Event: 27.364 Thread 0x0000015e5f18e0a0 flushing  nmethod 0x0000015e0b147790
Event: 27.364 Thread 0x0000015e5f18e0a0 flushing  nmethod 0x0000015e0b14d610
Event: 27.364 Thread 0x0000015e5f18e0a0 flushing  nmethod 0x0000015e0b1e8190

Events (20 events):
Event: 12.543 Thread 0x0000015e6808d000 Thread added: 0x0000015e6808e3b0
Event: 12.543 Thread 0x0000015e6808dd20 Thread added: 0x0000015e6808ea40
Event: 12.544 Thread 0x0000015e6808e3b0 Thread added: 0x0000015e6808f0d0
Event: 12.544 Thread 0x0000015e6808ea40 Thread added: 0x0000015e682e3250
Event: 15.444 Thread 0x0000015e658fb690 Thread exited: 0x0000015e658fb690
Event: 15.479 Thread 0x0000015e65fb6e40 Thread added: 0x0000015e682e1180
Event: 20.507 Thread 0x0000015e682e1180 Thread exited: 0x0000015e682e1180
Event: 30.458 Thread 0x0000015e6808ea40 Thread added: 0x0000015e682e59b0
Event: 30.459 Thread 0x0000015e6808ea40 Thread added: 0x0000015e682e4600
Event: 30.460 Thread 0x0000015e6808ea40 Thread added: 0x0000015e682e6040
Event: 30.460 Thread 0x0000015e6808ea40 Thread added: 0x0000015e682e4c90
Event: 30.461 Thread 0x0000015e6808ea40 Thread added: 0x0000015e682e66d0
Event: 31.396 Thread 0x0000015e682e4c90 Thread exited: 0x0000015e682e4c90
Event: 31.397 Thread 0x0000015e682e59b0 Thread exited: 0x0000015e682e59b0
Event: 31.403 Thread 0x0000015e682e66d0 Thread exited: 0x0000015e682e66d0
Event: 31.404 Thread 0x0000015e682e4600 Thread exited: 0x0000015e682e4600
Event: 31.404 Thread 0x0000015e682e6040 Thread exited: 0x0000015e682e6040
Event: 36.971 Thread 0x0000015e6808c970 Thread added: 0x0000015e682e66d0
Event: 40.410 Thread 0x0000015e5f1c1830 Thread added: 0x0000015e6866f630
Event: 45.616 Thread 0x0000015e6866f630 Thread exited: 0x0000015e6866f630


Dynamic libraries:
0x00007ff65f4c0000 - 0x00007ff65f4ce000 	c:\Users\USER\.vscode\extensions\redhat.java-1.54.0-win32-x64\jre\21.0.10-win32-x86_64\bin\java.exe
0x00007ffd5d120000 - 0x00007ffd5d329000 	C:\Windows\SYSTEM32\ntdll.dll
0x00007ffd5c750000 - 0x00007ffd5c80d000 	C:\Windows\System32\KERNEL32.DLL
0x00007ffd5a790000 - 0x00007ffd5ab14000 	C:\Windows\System32\KERNELBASE.dll
0x00007ffd5ae50000 - 0x00007ffd5af61000 	C:\Windows\System32\ucrtbase.dll
0x00007ffd44bd0000 - 0x00007ffd44bee000 	c:\Users\USER\.vscode\extensions\redhat.java-1.54.0-win32-x64\jre\21.0.10-win32-x86_64\bin\VCRUNTIME140.dll
0x00007ffd44a90000 - 0x00007ffd44aa8000 	c:\Users\USER\.vscode\extensions\redhat.java-1.54.0-win32-x64\jre\21.0.10-win32-x86_64\bin\jli.dll
0x00007ffd5c9f0000 - 0x00007ffd5cb9d000 	C:\Windows\System32\USER32.dll
0x00007ffd48620000 - 0x00007ffd488c5000 	C:\Windows\WinSxS\amd64_microsoft.windows.common-controls_6595b64144ccf1df_6.0.22000.120_none_9d947278b86cc467\COMCTL32.dll
0x00007ffd5ac90000 - 0x00007ffd5acb6000 	C:\Windows\System32\win32u.dll
0x00007ffd5cc10000 - 0x00007ffd5ccb3000 	C:\Windows\System32\msvcrt.dll
0x00007ffd5cf00000 - 0x00007ffd5cf2a000 	C:\Windows\System32\GDI32.dll
0x00007ffd5a5b0000 - 0x00007ffd5a6ce000 	C:\Windows\System32\gdi32full.dll
0x00007ffd5acc0000 - 0x00007ffd5ad5d000 	C:\Windows\System32\msvcp_win.dll
0x00007ffd5cf30000 - 0x00007ffd5cf61000 	C:\Windows\System32\IMM32.DLL
0x00007ffd54900000 - 0x00007ffd5490c000 	c:\Users\USER\.vscode\extensions\redhat.java-1.54.0-win32-x64\jre\21.0.10-win32-x86_64\bin\vcruntime140_1.dll
0x00007ffd44880000 - 0x00007ffd4490d000 	c:\Users\USER\.vscode\extensions\redhat.java-1.54.0-win32-x64\jre\21.0.10-win32-x86_64\bin\msvcp140.dll
0x00007ffcb4be0000 - 0x00007ffcb5981000 	c:\Users\USER\.vscode\extensions\redhat.java-1.54.0-win32-x64\jre\21.0.10-win32-x86_64\bin\server\jvm.dll
0x00007ffd5ccc0000 - 0x00007ffd5cd6e000 	C:\Windows\System32\ADVAPI32.dll
0x00007ffd5d040000 - 0x00007ffd5d0de000 	C:\Windows\System32\sechost.dll
0x00007ffd5c5f0000 - 0x00007ffd5c711000 	C:\Windows\System32\RPCRT4.dll
0x00007ffd5cba0000 - 0x00007ffd5cc0f000 	C:\Windows\System32\WS2_32.dll
0x00007ffd58ed0000 - 0x00007ffd58f1d000 	C:\Windows\SYSTEM32\POWRPROF.dll
0x00007ffd4a710000 - 0x00007ffd4a743000 	C:\Windows\SYSTEM32\WINMM.dll
0x00007ffd57f90000 - 0x00007ffd57f9a000 	C:\Windows\SYSTEM32\VERSION.dll
0x00007ffd58fc0000 - 0x00007ffd58fd3000 	C:\Windows\SYSTEM32\UMPDC.dll
0x00007ffd596d0000 - 0x00007ffd596e8000 	C:\Windows\SYSTEM32\kernel.appcore.dll
0x00007ffd49610000 - 0x00007ffd4961a000 	c:\Users\USER\.vscode\extensions\redhat.java-1.54.0-win32-x64\jre\21.0.10-win32-x86_64\bin\jimage.dll
0x00007ffd57ba0000 - 0x00007ffd57dc1000 	C:\Windows\SYSTEM32\DBGHELP.DLL
0x00007ffd41730000 - 0x00007ffd41761000 	C:\Windows\SYSTEM32\dbgcore.DLL
0x00007ffd5add0000 - 0x00007ffd5ae4f000 	C:\Windows\System32\bcryptPrimitives.dll
0x00007ffd44bc0000 - 0x00007ffd44bcf000 	c:\Users\USER\.vscode\extensions\redhat.java-1.54.0-win32-x64\jre\21.0.10-win32-x86_64\bin\instrument.dll
0x00007ffd44a70000 - 0x00007ffd44a90000 	c:\Users\USER\.vscode\extensions\redhat.java-1.54.0-win32-x64\jre\21.0.10-win32-x86_64\bin\java.dll
0x00007ffd5b9a0000 - 0x00007ffd5c165000 	C:\Windows\System32\SHELL32.dll
0x00007ffd58650000 - 0x00007ffd58eb2000 	C:\Windows\SYSTEM32\windows.storage.dll
0x00007ffd5b560000 - 0x00007ffd5b8d6000 	C:\Windows\System32\combase.dll
0x00007ffd584e0000 - 0x00007ffd58647000 	C:\Windows\SYSTEM32\wintypes.dll
0x00007ffd5c900000 - 0x00007ffd5c9ea000 	C:\Windows\System32\SHCORE.dll
0x00007ffd5cfe0000 - 0x00007ffd5d03d000 	C:\Windows\System32\shlwapi.dll
0x00007ffd5a4e0000 - 0x00007ffd5a505000 	C:\Windows\SYSTEM32\profapi.dll
0x00007ffd44a50000 - 0x00007ffd44a68000 	c:\Users\USER\.vscode\extensions\redhat.java-1.54.0-win32-x64\jre\21.0.10-win32-x86_64\bin\zip.dll
0x00007ffd44a40000 - 0x00007ffd44a50000 	C:\Users\USER\.vscode\extensions\redhat.java-1.54.0-win32-x64\jre\21.0.10-win32-x86_64\bin\net.dll
0x00007ffd55c30000 - 0x00007ffd55d44000 	C:\Windows\SYSTEM32\WINHTTP.dll
0x00007ffd59b70000 - 0x00007ffd59bd7000 	C:\Windows\system32\mswsock.dll
0x00007ffd44470000 - 0x00007ffd44486000 	C:\Users\USER\.vscode\extensions\redhat.java-1.54.0-win32-x64\jre\21.0.10-win32-x86_64\bin\nio.dll
0x00007ffd44870000 - 0x00007ffd44880000 	c:\Users\USER\.vscode\extensions\redhat.java-1.54.0-win32-x64\jre\21.0.10-win32-x86_64\bin\verify.dll
0x00007ffd3cc50000 - 0x00007ffd3cc95000 	C:\Users\USER\AppData\Roaming\Code\User\globalStorage\redhat.java\1.54.0\config_win\org.eclipse.equinox.launcher\org.eclipse.equinox.launcher.win32.win32.x86_64_1.3.0.v20260203-2149\eclipse_11919.dll
0x00007ffd5b3c0000 - 0x00007ffd5b55a000 	C:\Windows\System32\ole32.dll
0x00007ffd59e40000 - 0x00007ffd59e58000 	C:\Windows\SYSTEM32\CRYPTSP.dll
0x00007ffd59630000 - 0x00007ffd59665000 	C:\Windows\system32\rsaenh.dll
0x00007ffd59c10000 - 0x00007ffd59c3c000 	C:\Windows\SYSTEM32\USERENV.dll
0x00007ffd59f80000 - 0x00007ffd59fa7000 	C:\Windows\SYSTEM32\bcrypt.dll
0x00007ffd59d60000 - 0x00007ffd59d6c000 	C:\Windows\SYSTEM32\CRYPTBASE.dll
0x00007ffd591f0000 - 0x00007ffd5921d000 	C:\Windows\SYSTEM32\IPHLPAPI.DLL
0x00007ffd5b8e0000 - 0x00007ffd5b8e9000 	C:\Windows\System32\NSI.dll
0x00007ffd3cbb0000 - 0x00007ffd3cbf9000 	C:\Users\USER\AppData\Local\Temp\jna--1514262070\jna11379631623646755439.dll
0x00007ffd5af70000 - 0x00007ffd5af78000 	C:\Windows\System32\PSAPI.DLL
0x00007ffd55bf0000 - 0x00007ffd55c09000 	C:\Windows\SYSTEM32\dhcpcsvc6.DLL
0x00007ffd55dd0000 - 0x00007ffd55dee000 	C:\Windows\SYSTEM32\dhcpcsvc.DLL

JVMTI agents:
c:\Users\USER\.vscode\extensions\redhat.java-1.54.0-win32-x64\lombok\lombok-1.18.39-4050.jar path:c:\Users\USER\.vscode\extensions\redhat.java-1.54.0-win32-x64\jre\21.0.10-win32-x86_64\bin\instrument.dll, loaded, initialized, instrumentlib options:none

dbghelp: loaded successfully - version: 4.0.5 - missing functions: none
symbol engine: initialized successfully - sym options: 0x614 - pdb path: .;c:\Users\USER\.vscode\extensions\redhat.java-1.54.0-win32-x64\jre\21.0.10-win32-x86_64\bin;C:\Windows\SYSTEM32;C:\Windows\WinSxS\amd64_microsoft.windows.common-controls_6595b64144ccf1df_6.0.22000.120_none_9d947278b86cc467;c:\Users\USER\.vscode\extensions\redhat.java-1.54.0-win32-x64\jre\21.0.10-win32-x86_64\bin\server;C:\Users\USER\AppData\Roaming\Code\User\globalStorage\redhat.java\1.54.0\config_win\org.eclipse.equinox.launcher\org.eclipse.equinox.launcher.win32.win32.x86_64_1.3.0.v20260203-2149;C:\Users\USER\AppData\Local\Temp\jna--1514262070

VM Arguments:
jvm_args: --add-modules=ALL-SYSTEM --add-opens=java.base/java.util=ALL-UNNAMED --add-opens=java.base/java.lang=ALL-UNNAMED --add-opens=java.base/sun.nio.fs=ALL-UNNAMED -Declipse.application=org.eclipse.jdt.ls.core.id1 -Dosgi.bundles.defaultStartLevel=4 -Declipse.product=org.eclipse.jdt.ls.core.product -Djava.import.generatesMetadataFilesAtProjectRoot=false -DDetectVMInstallationsJob.disabled=true -Dfile.encoding=utf8 -XX:+UseParallelGC -XX:GCTimeRatio=4 -XX:AdaptiveSizePolicyWeight=90 -Dsun.zip.disableMemoryMapping=true -Xmx2G -Xms100m -Xlog:disable -javaagent:c:\Users\USER\.vscode\extensions\redhat.java-1.54.0-win32-x64\lombok\lombok-1.18.39-4050.jar -XX:+HeapDumpOnOutOfMemoryError -XX:HeapDumpPath=c:\Users\USER\AppData\Roaming\Code\User\workspaceStorage\cd045c126cf2332a68b18ccbb19b3d90\redhat.java -Daether.dependencyCollector.impl=bf 
java_command: c:\Users\USER\.vscode\extensions\redhat.java-1.54.0-win32-x64\server\plugins\org.eclipse.equinox.launcher_1.7.100.v20251111-0406.jar -configuration c:\Users\USER\AppData\Roaming\Code\User\globalStorage\redhat.java\1.54.0\config_win -data c:\Users\USER\AppData\Roaming\Code\User\workspaceStorage\cd045c126cf2332a68b18ccbb19b3d90\redhat.java\jdt_ws --pipe=\\.\pipe\lsp-f1070662174bfaa759190eb7d001035c-sock
java_class_path (initial): c:\Users\USER\.vscode\extensions\redhat.java-1.54.0-win32-x64\server\plugins\org.eclipse.equinox.launcher_1.7.100.v20251111-0406.jar
Launcher Type: SUN_STANDARD

[Global flags]
    uintx AdaptiveSizePolicyWeight                 = 90                                        {product} {command line}
     intx CICompilerCount                          = 4                                         {product} {ergonomic}
    uintx GCTimeRatio                              = 4                                         {product} {command line}
     bool HeapDumpOnOutOfMemoryError               = true                                   {manageable} {command line}
    ccstr HeapDumpPath                             = c:\Users\USER\AppData\Roaming\Code\User\workspaceStorage\cd045c126cf2332a68b18ccbb19b3d90\redhat.java         {manageable} {command line}
   size_t InitialHeapSize                          = 104857600                                 {product} {command line}
   size_t MaxHeapSize                              = 2147483648                                {product} {command line}
   size_t MaxNewSize                               = 715653120                                 {product} {ergonomic}
   size_t MinHeapDeltaBytes                        = 524288                                    {product} {ergonomic}
   size_t MinHeapSize                              = 104857600                                 {product} {command line}
   size_t NewSize                                  = 34603008                                  {product} {ergonomic}
    uintx NonNMethodCodeHeapSize                   = 5839372                                {pd product} {ergonomic}
    uintx NonProfiledCodeHeapSize                  = 122909434                              {pd product} {ergonomic}
   size_t OldSize                                  = 70254592                                  {product} {ergonomic}
    uintx ProfiledCodeHeapSize                     = 122909434                              {pd product} {ergonomic}
    uintx ReservedCodeCacheSize                    = 251658240                              {pd product} {ergonomic}
     bool SegmentedCodeCache                       = true                                      {product} {ergonomic}
   size_t SoftMaxHeapSize                          = 2147483648                             {manageable} {ergonomic}
     bool UseCompressedOops                        = true                           {product lp64_product} {ergonomic}
     bool UseLargePagesIndividualAllocation        = false                                  {pd product} {ergonomic}
     bool UseParallelGC                            = true                                      {product} {command line}

Logging:
Log output configuration:
 #0: stdout all=off uptime,level,tags foldmultilines=false
 #1: stderr all=off uptime,level,tags foldmultilines=false

Release file:
JAVA_VERSION="21.0.10" 
MODULES="java.base java.compiler java.datatransfer java.xml java.prefs java.desktop java.instrument java.logging java.management java.security.sasl java.naming java.rmi java.management.rmi java.net.http java.scripting java.security.jgss java.transaction.xa java.sql java.sql.rowset java.xml.crypto java.se java.smartcardio jdk.accessibility jdk.internal.jvmstat jdk.attach jdk.charsets jdk.internal.opt jdk.zipfs jdk.compiler jdk.crypto.ec jdk.crypto.cryptoki jdk.crypto.mscapi jdk.dynalink jdk.internal.ed jdk.editpad jdk.hotspot.agent jdk.httpserver jdk.internal.le jdk.internal.vm.ci jdk.internal.vm.compiler jdk.internal.vm.compiler.management jdk.jartool jdk.javadoc jdk.jcmd jdk.management jdk.management.agent jdk.jconsole jdk.jdeps jdk.jdwp.agent jdk.jdi jdk.jfr jdk.jshell jdk.jsobject jdk.jstatd jdk.localedata jdk.management.jfr jdk.naming.dns jdk.naming.rmi jdk.net jdk.nio.mapmode jdk.random jdk.sctp jdk.security.auth jdk.security.jgss jdk.unsupported jdk.unsupported.desktop jdk.xml.dom" 

Environment Variables:
JAVA_HOME=C:\Program Files\Java\jdk-21
PATH=C:\Program Files\Common Files\Oracle\Java\javapath;C:\Windows\system32;C:\Windows;C:\Windows\System32\Wbem;C:\Windows\System32\WindowsPowerShell\v1.0\;C:\Windows\System32\OpenSSH\;C:\Program Files\nodejs\;C:\Program Files\Git\cmd;C:\Program Files\Docker\Docker\resources\bin;C:\Program Files\Java\jdk-21\bin;C:\Program Files\maven-mvnd-1.0.3-windows-amd64\maven-mvnd-1.0.3-windows-amd64\mvn\bin;C:\Program Files\PostgreSQL\18\bin;C:\Program Files\Amazon\AWSCLIV2\;c:\Users\USER\AppData\Local\Programs\cursor\resources\app\codeBin;C:\Users\USER\AppData\Local\Programs\Python\Launcher\;C:\Users\USER\AppData\Local\Microsoft\WindowsApps;C:\Users\USER\AppData\Local\Programs\Microsoft VS Code\bin;C:\Users\USER\AppData\Roaming\npm;C:\Users\USER\AppData\Local\Python\bin;C:\Users\USER\AppData\Local\Programs\cursor\resources\app\bin
USERNAME=ck collins
OS=Windows_NT
PROCESSOR_IDENTIFIER=Intel64 Family 6 Model 142 Stepping 12, GenuineIntel
TMP=C:\Users\USER\AppData\Local\Temp
TEMP=C:\Users\USER\AppData\Local\Temp




Periodic native trim disabled

---------------  S Y S T E M  ---------------

OS:
 Windows 11 , 64 bit Build 22000 (10.0.22000.2538)
OS uptime: 1 days 0:00 hours
Hyper-V role detected

CPU: total 8 (initial active 8) (4 cores per cpu, 2 threads per core) family 6 model 142 stepping 12 microcode 0x100, cx8, cmov, fxsr, ht, mmx, 3dnowpref, sse, sse2, sse3, ssse3, sse4.1, sse4.2, popcnt, lzcnt, tsc, tscinvbit, avx, avx2, aes, erms, clmul, bmi1, bmi2, adx, fma, vzeroupper, clflush, clflushopt, hv, rdtscp, f16c
Processor Information for processor 0
  Max Mhz: 1800, Current Mhz: 1600, Mhz Limit: 1584
Processor Information for processor 1
  Max Mhz: 1800, Current Mhz: 1600, Mhz Limit: 1584
Processor Information for processor 2
  Max Mhz: 1800, Current Mhz: 1600, Mhz Limit: 1584
Processor Information for processor 3
  Max Mhz: 1800, Current Mhz: 1600, Mhz Limit: 1584
Processor Information for processor 4
  Max Mhz: 1800, Current Mhz: 1500, Mhz Limit: 1584
Processor Information for processor 5
  Max Mhz: 1800, Current Mhz: 1600, Mhz Limit: 1584
Processor Information for processor 6
  Max Mhz: 1800, Current Mhz: 1500, Mhz Limit: 1584
Processor Information for processor 7
  Max Mhz: 1800, Current Mhz: 1600, Mhz Limit: 1584

Memory: 4k page, system-wide physical 7932M (393M free)
TotalPageFile size 20353M (AvailPageFile size 0M)
current process WorkingSet (physical memory assigned to process): 307M, peak: 343M
current process commit charge ("private bytes"): 379M, peak: 417M

vm_info: OpenJDK 64-Bit Server VM (21.0.10+7-LTS) for windows-amd64 JRE (21.0.10+7-LTS), built on 2026-01-20T00:00:00Z by "admin" with MS VC++ 17.12 (VS2022)

END.
