#
# There is insufficient memory for the Java Runtime Environment to continue.
# Native memory allocation (malloc) failed to allocate 1048576 bytes. Error detail: AllocateHeap
# Possible reasons:
#   The system is out of physical RAM or swap space
#   This process is running with CompressedOops enabled, and the Java Heap may be blocking the growth of the native heap
# Possible solutions:
#   Reduce memory load on the system
#   Increase physical memory or swap space
#   Check if swap backing store is full
#   Decrease Java heap size (-Xmx/-Xms)
#   Decrease number of Java threads
#   Decrease Java thread stack sizes (-Xss)
#   Set larger code cache with -XX:ReservedCodeCacheSize=
#   JVM is running with Unscaled Compressed Oops mode in which the Java heap is
#     placed in the first 4GB address space. The Java Heap base address is the
#     maximum limit for the native heap growth. Please use -XX:HeapBaseMinAddress
#     to set the Java Heap base and to place the Java Heap above 4GB virtual address.
# This output file may be truncated or incomplete.
#
#  Out of Memory Error (allocation.cpp:44), pid=4440, tid=25096
#
# JRE version: OpenJDK Runtime Environment Temurin-21.0.10+7 (21.0.10+7) (build 21.0.10+7-LTS)
# Java VM: OpenJDK 64-Bit Server VM Temurin-21.0.10+7 (21.0.10+7-LTS, mixed mode, sharing, tiered, compressed oops, compressed class ptrs, parallel gc, windows-amd64)
# No core dump will be written. Minidumps are not enabled by default on client versions of Windows
#

---------------  S U M M A R Y ------------

Command Line: --add-modules=ALL-SYSTEM --add-opens=java.base/java.util=ALL-UNNAMED --add-opens=java.base/java.lang=ALL-UNNAMED --add-opens=java.base/sun.nio.fs=ALL-UNNAMED -Declipse.application=org.eclipse.jdt.ls.core.id1 -Dosgi.bundles.defaultStartLevel=4 -Declipse.product=org.eclipse.jdt.ls.core.product -Djava.import.generatesMetadataFilesAtProjectRoot=false -DDetectVMInstallationsJob.disabled=true -Dfile.encoding=utf8 -XX:+UseParallelGC -XX:GCTimeRatio=4 -XX:AdaptiveSizePolicyWeight=90 -Dsun.zip.disableMemoryMapping=true -Xmx2G -Xms100m -Xlog:disable -javaagent:c:\Users\USER\.vscode\extensions\redhat.java-1.54.0-win32-x64\lombok\lombok-1.18.39-4050.jar -XX:+HeapDumpOnOutOfMemoryError -XX:HeapDumpPath=c:\Users\USER\AppData\Roaming\Code\User\workspaceStorage\cd045c126cf2332a68b18ccbb19b3d90\redhat.java -Daether.dependencyCollector.impl=bf c:\Users\USER\.vscode\extensions\redhat.java-1.54.0-win32-x64\server\plugins\org.eclipse.equinox.launcher_1.7.100.v20251111-0406.jar -configuration c:\Users\USER\AppData\Roaming\Code\User\globalStorage\redhat.java\1.54.0\config_win -data c:\Users\USER\AppData\Roaming\Code\User\workspaceStorage\cd045c126cf2332a68b18ccbb19b3d90\redhat.java\jdt_ws --pipe=\\.\pipe\lsp-c7fc12aa321a7ba3a4cb6a281ad71440-sock

Host: Intel(R) Core(TM) i5-8265U CPU @ 1.60GHz, 8 cores, 7G,  Windows 11 , 64 bit Build 22000 (10.0.22000.2538)
Time: Mon Jun 22 17:07:59 2026 E. Africa Standard Time elapsed time: 2455.314283 seconds (0d 0h 40m 55s)

---------------  T H R E A D  ---------------

Current thread (0x0000025e91c90400):  JavaThread "Attach Listener" daemon [_thread_in_vm, id=25096, stack(0x000000be59100000,0x000000be59200000) (1024K)]

Stack: [0x000000be59100000,0x000000be59200000]
Native frames: (J=compiled Java code, j=interpreted, Vv=VM code, C=native code)
V  [jvm.dll+0x6d7a39]
V  [jvm.dll+0x8b4b26]
V  [jvm.dll+0x8b70de]
V  [jvm.dll+0x8b77c3]
V  [jvm.dll+0x284346]
V  [jvm.dll+0xc1277]
V  [jvm.dll+0x6d82e9]
V  [jvm.dll+0x1334a6]
V  [jvm.dll+0x3f857e]
V  [jvm.dll+0x85f59d]
V  [jvm.dll+0x6d626d]
C  [ucrtbase.dll+0x26c0c]
C  [KERNEL32.DLL+0x153e0]
C  [ntdll.dll+0x485b]


---------------  P R O C E S S  ---------------

Threads class SMR info:
_java_thread_list=0x0000025efeae4c20, length=35, elements={
0x0000025e91d1d580, 0x0000025e91c8a8b0, 0x0000025e91c8c530, 0x0000025e91c8f5b0,
0x0000025e91c90400, 0x0000025e91c913a0, 0x0000025e91c92e10, 0x0000025e91c93c50,
0x0000025e91cbf2a0, 0x0000025eef192600, 0x0000025eef2f9750, 0x0000025eef804900,
0x0000025eefc91ca0, 0x0000025eefd8c910, 0x0000025eefd8db70, 0x0000025ef004ce90,
0x0000025eef524e90, 0x0000025eef9fbc50, 0x0000025eef8afe50, 0x0000025eef8add80,
0x0000025eef8ae410, 0x0000025eef8aeaa0, 0x0000025ef29966d0, 0x0000025ef299a870,
0x0000025ef299bc20, 0x0000025ef299a1e0, 0x0000025ef2994c90, 0x0000025ef299af00,
0x0000025ef2998110, 0x0000025ef29959b0, 0x0000025ef29987a0, 0x0000025ef299b590,
0x0000025ef299c2b0, 0x0000025ef2995320, 0x0000025ef3149280
}

Java Threads: ( => current thread )
  0x0000025e91d1d580 JavaThread "main"                              [_thread_blocked, id=25420, stack(0x000000be58a00000,0x000000be58b00000) (1024K)]
  0x0000025e91c8a8b0 JavaThread "Reference Handler"          daemon [_thread_blocked, id=1532, stack(0x000000be58e00000,0x000000be58f00000) (1024K)]
  0x0000025e91c8c530 JavaThread "Finalizer"                  daemon [_thread_blocked, id=17784, stack(0x000000be58f00000,0x000000be59000000) (1024K)]
  0x0000025e91c8f5b0 JavaThread "Signal Dispatcher"          daemon [_thread_blocked, id=15348, stack(0x000000be59000000,0x000000be59100000) (1024K)]
=>0x0000025e91c90400 JavaThread "Attach Listener"            daemon [_thread_in_vm, id=25096, stack(0x000000be59100000,0x000000be59200000) (1024K)]
  0x0000025e91c913a0 JavaThread "Service Thread"             daemon [_thread_blocked, id=3712, stack(0x000000be59200000,0x000000be59300000) (1024K)]
  0x0000025e91c92e10 JavaThread "Monitor Deflation Thread"   daemon [_thread_blocked, id=28476, stack(0x000000be59300000,0x000000be59400000) (1024K)]
  0x0000025e91c93c50 JavaThread "C2 CompilerThread0"         daemon [_thread_blocked, id=16400, stack(0x000000be59400000,0x000000be59500000) (1024K)]
  0x0000025e91cbf2a0 JavaThread "C1 CompilerThread0"         daemon [_thread_blocked, id=19188, stack(0x000000be59500000,0x000000be59600000) (1024K)]
  0x0000025eef192600 JavaThread "Common-Cleaner"             daemon [_thread_blocked, id=16868, stack(0x000000be59600000,0x000000be59700000) (1024K)]
  0x0000025eef2f9750 JavaThread "Notification Thread"        daemon [_thread_blocked, id=9716, stack(0x000000be59800000,0x000000be59900000) (1024K)]
  0x0000025eef804900 JavaThread "Active Thread: Equinox Container: f151a0ed-ad5f-4101-9b9b-bb1b342ab33d"        [_thread_blocked, id=28052, stack(0x000000be59900000,0x000000be59a00000) (1024K)]
  0x0000025eefc91ca0 JavaThread "Refresh Thread: Equinox Container: f151a0ed-ad5f-4101-9b9b-bb1b342ab33d" daemon [_thread_blocked, id=14284, stack(0x000000be5a100000,0x000000be5a200000) (1024K)]
  0x0000025eefd8c910 JavaThread "Framework Event Dispatcher: Equinox Container: f151a0ed-ad5f-4101-9b9b-bb1b342ab33d" daemon [_thread_blocked, id=11276, stack(0x000000be59700000,0x000000be59800000) (1024K)]
  0x0000025eefd8db70 JavaThread "Start Level: Equinox Container: f151a0ed-ad5f-4101-9b9b-bb1b342ab33d" daemon [_thread_blocked, id=14124, stack(0x000000be5a200000,0x000000be5a300000) (1024K)]
  0x0000025ef004ce90 JavaThread "Bundle File Closer"         daemon [_thread_blocked, id=17356, stack(0x000000be5a400000,0x000000be5a500000) (1024K)]
  0x0000025eef524e90 JavaThread "SCR Component Actor"        daemon [_thread_blocked, id=24484, stack(0x000000be5a300000,0x000000be5a400000) (1024K)]
  0x0000025eef9fbc50 JavaThread "Worker-JM"                         [_thread_blocked, id=15992, stack(0x000000be5a500000,0x000000be5a600000) (1024K)]
  0x0000025eef8afe50 JavaThread "JNA Cleaner"                daemon [_thread_blocked, id=4116, stack(0x000000be5a600000,0x000000be5a700000) (1024K)]
  0x0000025eef8add80 JavaThread "Java indexing"              daemon [_thread_blocked, id=7548, stack(0x000000be5ac00000,0x000000be5ad00000) (1024K)]
  0x0000025eef8ae410 JavaThread "Worker-3"                          [_thread_blocked, id=15660, stack(0x000000be5af00000,0x000000be5b000000) (1024K)]
  0x0000025eef8aeaa0 JavaThread "Worker-4"                          [_thread_blocked, id=6320, stack(0x000000be5b000000,0x000000be5b100000) (1024K)]
  0x0000025ef29966d0 JavaThread "Thread-1"                   daemon [_thread_in_native, id=24588, stack(0x000000be5b100000,0x000000be5b200000) (1024K)]
  0x0000025ef299a870 JavaThread "Thread-2"                   daemon [_thread_in_native, id=15440, stack(0x000000be5b200000,0x000000be5b300000) (1024K)]
  0x0000025ef299bc20 JavaThread "Thread-3"                   daemon [_thread_in_native, id=25988, stack(0x000000be5b300000,0x000000be5b400000) (1024K)]
  0x0000025ef299a1e0 JavaThread "Thread-4"                   daemon [_thread_in_native, id=7640, stack(0x000000be5b400000,0x000000be5b500000) (1024K)]
  0x0000025ef2994c90 JavaThread "Thread-5"                   daemon [_thread_in_native, id=10904, stack(0x000000be5b500000,0x000000be5b600000) (1024K)]
  0x0000025ef299af00 JavaThread "Thread-6"                   daemon [_thread_in_native, id=25392, stack(0x000000be5b600000,0x000000be5b700000) (1024K)]
  0x0000025ef2998110 JavaThread "Thread-7"                   daemon [_thread_in_native, id=28396, stack(0x000000be5b700000,0x000000be5b800000) (1024K)]
  0x0000025ef29959b0 JavaThread "Thread-8"                   daemon [_thread_in_native, id=2300, stack(0x000000be5b800000,0x000000be5b900000) (1024K)]
  0x0000025ef29987a0 JavaThread "Thread-9"                   daemon [_thread_in_native, id=4972, stack(0x000000be5b900000,0x000000be5ba00000) (1024K)]
  0x0000025ef299b590 JavaThread "pool-2-thread-1"                   [_thread_blocked, id=17364, stack(0x000000be5ba00000,0x000000be5bb00000) (1024K)]
  0x0000025ef299c2b0 JavaThread "WorkspaceEventsHandler"            [_thread_blocked, id=12360, stack(0x000000be5bb00000,0x000000be5bc00000) (1024K)]
  0x0000025ef2995320 JavaThread "pool-1-thread-1"                   [_thread_blocked, id=24332, stack(0x000000be5bc00000,0x000000be5bd00000) (1024K)]
  0x0000025ef3149280 JavaThread "Cleaner-0"                  daemon [_thread_blocked, id=10544, stack(0x000000be58800000,0x000000be58900000) (1024K)]
Total: 35

Other Threads:
  0x0000025e91c704c0 VMThread "VM Thread"                           [id=12012, stack(0x000000be58d00000,0x000000be58e00000) (1024K)]
  0x0000025e91b61b00 WatcherThread "VM Periodic Task Thread"        [id=13324, stack(0x000000be58c00000,0x000000be58d00000) (1024K)]
  0x0000025e91d3b390 WorkerThread "GC Thread#0"                     [id=23836, stack(0x000000be58b00000,0x000000be58c00000) (1024K)]
  0x0000025eef70e660 WorkerThread "GC Thread#1"                     [id=27676, stack(0x000000be59a00000,0x000000be59b00000) (1024K)]
  0x0000025eef3495c0 WorkerThread "GC Thread#2"                     [id=27120, stack(0x000000be59b00000,0x000000be59c00000) (1024K)]
  0x0000025eef349970 WorkerThread "GC Thread#3"                     [id=3372, stack(0x000000be59c00000,0x000000be59d00000) (1024K)]
  0x0000025eef70ea10 WorkerThread "GC Thread#4"                     [id=13900, stack(0x000000be59d00000,0x000000be59e00000) (1024K)]
  0x0000025eef70edc0 WorkerThread "GC Thread#5"                     [id=10860, stack(0x000000be59e00000,0x000000be59f00000) (1024K)]
  0x0000025eef70f170 WorkerThread "GC Thread#6"                     [id=24804, stack(0x000000be59f00000,0x000000be5a000000) (1024K)]
  0x0000025eefd7b620 WorkerThread "GC Thread#7"                     [id=27772, stack(0x000000be5a000000,0x000000be5a100000) (1024K)]
Total: 10

Threads with active compile tasks:
Total: 0

VM state: not at safepoint (normal execution)

VM Mutex/Monitor currently owned by a thread: None

Heap address: 0x0000000080000000, size: 2048 MB, Compressed Oops mode: 32-bit

CDS archive(s) mapped at: [0x0000025ea9000000-0x0000025ea9ba0000-0x0000025ea9ba0000), size 12189696, SharedBaseAddress: 0x0000025ea9000000, ArchiveRelocationMode: 1.
Compressed class space mapped at: 0x0000025eaa000000-0x0000025eea000000, reserved size: 1073741824
Narrow klass base: 0x0000025ea9000000, Narrow klass shift: 0, Narrow klass range: 0x100000000

GC Precious Log:
 CardTable entry size: 512
 CPUs: 8 total, 8 available
 Memory: 7932M
 Large Page Support: Disabled
 NUMA Support: Disabled
 Compressed Oops: Enabled (32-bit)
 Alignments: Space 512K, Generation 512K, Heap 2M
 Heap Min Capacity: 100M
 Heap Initial Capacity: 100M
 Heap Max Capacity: 2G
 Pre-touch: Disabled
 Parallel Workers: 8

Heap:
 PSYoungGen      total 16384K, used 6970K [0x00000000d5580000, 0x00000000d6880000, 0x0000000100000000)
  eden space 14336K, 37% used [0x00000000d5580000,0x00000000d5abd8d8,0x00000000d6380000)
  from space 2048K, 78% used [0x00000000d6680000,0x00000000d6811210,0x00000000d6880000)
  to   space 2048K, 0% used [0x00000000d6480000,0x00000000d6480000,0x00000000d6680000)
 ParOldGen       total 101888K, used 101499K [0x0000000080000000, 0x0000000086380000, 0x00000000d5580000)
  object space 101888K, 99% used [0x0000000080000000,0x000000008631eca0,0x0000000086380000)
 Metaspace       used 68345K, committed 69888K, reserved 1114112K
  class space    used 7126K, committed 7808K, reserved 1048576K

Card table byte_map: [0x0000025e916d0000,0x0000025e91ae0000] _byte_map_base: 0x0000025e912d0000

Marking Bits: (ParMarkBitMap*) 0x00007ffcb58a3450
 Begin Bits: [0x0000025ea41e0000, 0x0000025ea61e0000)
 End Bits:   [0x0000025ea61e0000, 0x0000025ea81e0000)

Polling page: 0x0000025e8fbb0000

Metaspace:

Usage:
  Non-class:     59.78 MB used.
      Class:      6.96 MB used.
       Both:     66.74 MB used.

Virtual space:
  Non-class space:       64.00 MB reserved,      60.62 MB ( 95%) committed,  1 nodes.
      Class space:        1.00 GB reserved,       7.62 MB ( <1%) committed,  1 nodes.
             Both:        1.06 GB reserved,      68.25 MB (  6%) committed. 

Chunk freelists:
   Non-Class:  3.03 MB
       Class:  8.37 MB
        Both:  11.40 MB

MaxMetaspaceSize: unlimited
CompressedClassSpaceSize: 1.00 GB
Initial GC threshold: 21.00 MB
Current GC threshold: 97.31 MB
CDS: on
 - commit_granule_bytes: 65536.
 - commit_granule_words: 8192.
 - virtual_space_node_default_size: 8388608.
 - enlarge_chunks_in_place: 1.
 - use_allocation_guard: 0.


Internal statistics:

num_allocs_failed_limit: 9.
num_arena_births: 1364.
num_arena_deaths: 14.
num_vsnodes_births: 2.
num_vsnodes_deaths: 0.
num_space_committed: 1092.
num_space_uncommitted: 0.
num_chunks_returned_to_freelist: 23.
num_chunks_taken_from_freelist: 4739.
num_chunk_merges: 12.
num_chunk_splits: 2868.
num_chunks_enlarged: 1506.
num_inconsistent_stats: 0.

CodeHeap 'non-profiled nmethods': size=120000Kb used=7612Kb max_used=7612Kb free=112387Kb
 bounds [0x0000025e9ca00000, 0x0000025e9d170000, 0x0000025ea3f30000]
CodeHeap 'profiled nmethods': size=120000Kb used=25827Kb max_used=25827Kb free=94172Kb
 bounds [0x0000025e94f30000, 0x0000025e96870000, 0x0000025e9c460000]
CodeHeap 'non-nmethods': size=5760Kb used=1450Kb max_used=1572Kb free=4309Kb
 bounds [0x0000025e9c460000, 0x0000025e9c6d0000, 0x0000025e9ca00000]
CodeCache: size=245760Kb, used=34889Kb, max_used=35011Kb, free=210868Kb
 total_blobs=12552, nmethods=11784, adapters=672, full_count=0
Compilation: enabled, stopped_count=0, restarted_count=0

Compilation events (20 events):
Event: 2015.513 Thread 0x0000025e91cbf2a0 12578       1       org.eclipse.osgi.internal.framework.EquinoxContainer::getStorage (5 bytes)
Event: 2015.517 Thread 0x0000025e91cbf2a0 nmethod 12578 0x0000025e9d16ee10 code [0x0000025e9d16efa0, 0x0000025e9d16f068]
Event: 2059.145 Thread 0x0000025e91cbf2a0 12579       3       java.util.concurrent.ScheduledThreadPoolExecutor$DelayedWorkQueue::finishPoll (43 bytes)
Event: 2059.147 Thread 0x0000025e91cbf2a0 nmethod 12579 0x0000025e9685fd90 code [0x0000025e9685ff60, 0x0000025e968604e8]
Event: 2059.147 Thread 0x0000025e91cbf2a0 12580       3       java.util.concurrent.locks.AbstractQueuedSynchronizer$ConditionObject::awaitNanos (202 bytes)
Event: 2059.151 Thread 0x0000025e91cbf2a0 nmethod 12580 0x0000025e96860690 code [0x0000025e96860980, 0x0000025e968617a0]
Event: 2069.145 Thread 0x0000025e91cbf2a0 12581   !   3       java.util.concurrent.ScheduledThreadPoolExecutor$DelayedWorkQueue::offer (123 bytes)
Event: 2069.149 Thread 0x0000025e91cbf2a0 nmethod 12581 0x0000025e96861d10 code [0x0000025e96862020, 0x0000025e968633b0]
Event: 2069.149 Thread 0x0000025e91cbf2a0 12582       3       java.util.concurrent.ThreadPoolExecutor::ensurePrestart (41 bytes)
Event: 2069.159 Thread 0x0000025e91cbf2a0 nmethod 12582 0x0000025e96863c10 code [0x0000025e96863de0, 0x0000025e96864090]
Event: 2089.147 Thread 0x0000025e91cbf2a0 12583   !   3       java.util.concurrent.FutureTask::runAndReset (125 bytes)
Event: 2089.167 Thread 0x0000025e91cbf2a0 nmethod 12583 0x0000025e96864190 code [0x0000025e96864600, 0x0000025e96866a20]
Event: 2089.167 Thread 0x0000025e91cbf2a0 12584       3       java.util.concurrent.ScheduledThreadPoolExecutor$ScheduledFutureTask::setNextRunTime (38 bytes)
Event: 2089.167 Thread 0x0000025e91cbf2a0 nmethod 12584 0x0000025e96867590 code [0x0000025e96867740, 0x0000025e968679d0]
Event: 2089.167 Thread 0x0000025e91cbf2a0 12585       3       java.util.concurrent.ScheduledThreadPoolExecutor::reExecutePeriodic (49 bytes)
Event: 2089.170 Thread 0x0000025e91cbf2a0 nmethod 12585 0x0000025e96867a90 code [0x0000025e96867cc0, 0x0000025e96868440]
Event: 2112.954 Thread 0x0000025e91cbf2a0 12586       3       org.eclipse.core.internal.jobs.InternalJob::internalSetState (15 bytes)
Event: 2112.954 Thread 0x0000025e91cbf2a0 nmethod 12586 0x0000025e96868690 code [0x0000025e96868820, 0x0000025e96868940]
Event: 2309.298 Thread 0x0000025e91cbf2a0 12587       3       java.util.Optional::get (22 bytes)
Event: 2309.298 Thread 0x0000025e91cbf2a0 nmethod 12587 0x0000025e96868a10 code [0x0000025e96868bc0, 0x0000025e96868de0]

GC Heap History (20 events):
Event: 36.545 GC heap before
{Heap before GC invocations=114 (full 3):
 PSYoungGen      total 16384K, used 16367K [0x00000000d5580000, 0x00000000d6d80000, 0x0000000100000000)
  eden space 14848K, 100% used [0x00000000d5580000,0x00000000d6400000,0x00000000d6400000)
  from space 1536K, 98% used [0x00000000d6800000,0x00000000d697bcd0,0x00000000d6980000)
  to   space 4096K, 0% used [0x00000000d6400000,0x00000000d6400000,0x00000000d6800000)
 ParOldGen       total 90624K, used 90128K [0x0000000080000000, 0x0000000085880000, 0x00000000d5580000)
  object space 90624K, 99% used [0x0000000080000000,0x0000000085804358,0x0000000085880000)
 Metaspace       used 64285K, committed 65792K, reserved 1114112K
  class space    used 6868K, committed 7488K, reserved 1048576K
}
Event: 36.555 GC heap after
{Heap after GC invocations=114 (full 3):
 PSYoungGen      total 17408K, used 2145K [0x00000000d5580000, 0x00000000d6a00000, 0x0000000100000000)
  eden space 14848K, 0% used [0x00000000d5580000,0x00000000d5580000,0x00000000d6400000)
  from space 2560K, 83% used [0x00000000d6400000,0x00000000d66187a0,0x00000000d6680000)
  to   space 3072K, 0% used [0x00000000d6700000,0x00000000d6700000,0x00000000d6a00000)
 ParOldGen       total 91648K, used 91561K [0x0000000080000000, 0x0000000085980000, 0x00000000d5580000)
  object space 91648K, 99% used [0x0000000080000000,0x000000008596a658,0x0000000085980000)
 Metaspace       used 64285K, committed 65792K, reserved 1114112K
  class space    used 6868K, committed 7488K, reserved 1048576K
}
Event: 37.157 GC heap before
{Heap before GC invocations=115 (full 3):
 PSYoungGen      total 17408K, used 16993K [0x00000000d5580000, 0x00000000d6a00000, 0x0000000100000000)
  eden space 14848K, 100% used [0x00000000d5580000,0x00000000d6400000,0x00000000d6400000)
  from space 2560K, 83% used [0x00000000d6400000,0x00000000d66187a0,0x00000000d6680000)
  to   space 3072K, 0% used [0x00000000d6700000,0x00000000d6700000,0x00000000d6a00000)
 ParOldGen       total 91648K, used 91563K [0x0000000080000000, 0x0000000085980000, 0x00000000d5580000)
  object space 91648K, 99% used [0x0000000080000000,0x000000008596afd0,0x0000000085980000)
 Metaspace       used 65515K, committed 67072K, reserved 1114112K
  class space    used 6963K, committed 7616K, reserved 1048576K
}
Event: 37.165 GC heap after
{Heap after GC invocations=115 (full 3):
 PSYoungGen      total 16384K, used 1367K [0x00000000d5580000, 0x00000000d6880000, 0x0000000100000000)
  eden space 14848K, 0% used [0x00000000d5580000,0x00000000d5580000,0x00000000d6400000)
  from space 1536K, 89% used [0x00000000d6700000,0x00000000d6855ed8,0x00000000d6880000)
  to   space 2048K, 0% used [0x00000000d6480000,0x00000000d6480000,0x00000000d6680000)
 ParOldGen       total 93696K, used 93512K [0x0000000080000000, 0x0000000085b80000, 0x00000000d5580000)
  object space 93696K, 99% used [0x0000000080000000,0x0000000085b52230,0x0000000085b80000)
 Metaspace       used 65515K, committed 67072K, reserved 1114112K
  class space    used 6963K, committed 7616K, reserved 1048576K
}
Event: 37.818 GC heap before
{Heap before GC invocations=116 (full 3):
 PSYoungGen      total 16384K, used 16215K [0x00000000d5580000, 0x00000000d6880000, 0x0000000100000000)
  eden space 14848K, 100% used [0x00000000d5580000,0x00000000d6400000,0x00000000d6400000)
  from space 1536K, 89% used [0x00000000d6700000,0x00000000d6855ed8,0x00000000d6880000)
  to   space 2048K, 0% used [0x00000000d6480000,0x00000000d6480000,0x00000000d6680000)
 ParOldGen       total 93696K, used 93512K [0x0000000080000000, 0x0000000085b80000, 0x00000000d5580000)
  object space 93696K, 99% used [0x0000000080000000,0x0000000085b52230,0x0000000085b80000)
 Metaspace       used 65983K, committed 67456K, reserved 1114112K
  class space    used 6988K, committed 7616K, reserved 1048576K
}
Event: 37.824 GC heap after
{Heap after GC invocations=116 (full 3):
 PSYoungGen      total 16384K, used 1274K [0x00000000d5580000, 0x00000000d6780000, 0x0000000100000000)
  eden space 14848K, 0% used [0x00000000d5580000,0x00000000d5580000,0x00000000d6400000)
  from space 1536K, 82% used [0x00000000d6480000,0x00000000d65be900,0x00000000d6600000)
  to   space 1536K, 0% used [0x00000000d6600000,0x00000000d6600000,0x00000000d6780000)
 ParOldGen       total 94720K, used 94550K [0x0000000080000000, 0x0000000085c80000, 0x00000000d5580000)
  object space 94720K, 99% used [0x0000000080000000,0x0000000085c55b70,0x0000000085c80000)
 Metaspace       used 65983K, committed 67456K, reserved 1114112K
  class space    used 6988K, committed 7616K, reserved 1048576K
}
Event: 38.163 GC heap before
{Heap before GC invocations=117 (full 3):
 PSYoungGen      total 16384K, used 16122K [0x00000000d5580000, 0x00000000d6780000, 0x0000000100000000)
  eden space 14848K, 100% used [0x00000000d5580000,0x00000000d6400000,0x00000000d6400000)
  from space 1536K, 82% used [0x00000000d6480000,0x00000000d65be900,0x00000000d6600000)
  to   space 1536K, 0% used [0x00000000d6600000,0x00000000d6600000,0x00000000d6780000)
 ParOldGen       total 94720K, used 94550K [0x0000000080000000, 0x0000000085c80000, 0x00000000d5580000)
  object space 94720K, 99% used [0x0000000080000000,0x0000000085c55b70,0x0000000085c80000)
 Metaspace       used 66419K, committed 67968K, reserved 1114112K
  class space    used 7029K, committed 7680K, reserved 1048576K
}
Event: 38.169 GC heap after
{Heap after GC invocations=117 (full 3):
 PSYoungGen      total 16384K, used 1288K [0x00000000d5580000, 0x00000000d6780000, 0x0000000100000000)
  eden space 14848K, 0% used [0x00000000d5580000,0x00000000d5580000,0x00000000d6400000)
  from space 1536K, 83% used [0x00000000d6600000,0x00000000d6742180,0x00000000d6780000)
  to   space 1536K, 0% used [0x00000000d6480000,0x00000000d6480000,0x00000000d6600000)
 ParOldGen       total 95744K, used 95636K [0x0000000080000000, 0x0000000085d80000, 0x00000000d5580000)
  object space 95744K, 99% used [0x0000000080000000,0x0000000085d653c8,0x0000000085d80000)
 Metaspace       used 66419K, committed 67968K, reserved 1114112K
  class space    used 7029K, committed 7680K, reserved 1048576K
}
Event: 38.528 GC heap before
{Heap before GC invocations=118 (full 3):
 PSYoungGen      total 16384K, used 16136K [0x00000000d5580000, 0x00000000d6780000, 0x0000000100000000)
  eden space 14848K, 100% used [0x00000000d5580000,0x00000000d6400000,0x00000000d6400000)
  from space 1536K, 83% used [0x00000000d6600000,0x00000000d6742180,0x00000000d6780000)
  to   space 1536K, 0% used [0x00000000d6480000,0x00000000d6480000,0x00000000d6600000)
 ParOldGen       total 95744K, used 95636K [0x0000000080000000, 0x0000000085d80000, 0x00000000d5580000)
  object space 95744K, 99% used [0x0000000080000000,0x0000000085d653c8,0x0000000085d80000)
 Metaspace       used 66513K, committed 68032K, reserved 1114112K
  class space    used 7032K, committed 7680K, reserved 1048576K
}
Event: 38.534 GC heap after
{Heap after GC invocations=118 (full 3):
 PSYoungGen      total 16384K, used 1419K [0x00000000d5580000, 0x00000000d6700000, 0x0000000100000000)
  eden space 14848K, 0% used [0x00000000d5580000,0x00000000d5580000,0x00000000d6400000)
  from space 1536K, 92% used [0x00000000d6480000,0x00000000d65e2f48,0x00000000d6600000)
  to   space 1024K, 0% used [0x00000000d6600000,0x00000000d6600000,0x00000000d6700000)
 ParOldGen       total 96256K, used 95931K [0x0000000080000000, 0x0000000085e00000, 0x00000000d5580000)
  object space 96256K, 99% used [0x0000000080000000,0x0000000085daec78,0x0000000085e00000)
 Metaspace       used 66513K, committed 68032K, reserved 1114112K
  class space    used 7032K, committed 7680K, reserved 1048576K
}
Event: 38.939 GC heap before
{Heap before GC invocations=119 (full 3):
 PSYoungGen      total 16384K, used 16267K [0x00000000d5580000, 0x00000000d6700000, 0x0000000100000000)
  eden space 14848K, 100% used [0x00000000d5580000,0x00000000d6400000,0x00000000d6400000)
  from space 1536K, 92% used [0x00000000d6480000,0x00000000d65e2f48,0x00000000d6600000)
  to   space 1024K, 0% used [0x00000000d6600000,0x00000000d6600000,0x00000000d6700000)
 ParOldGen       total 96256K, used 95931K [0x0000000080000000, 0x0000000085e00000, 0x00000000d5580000)
  object space 96256K, 99% used [0x0000000080000000,0x0000000085daec78,0x0000000085e00000)
 Metaspace       used 66794K, committed 68288K, reserved 1114112K
  class space    used 7043K, committed 7680K, reserved 1048576K
}
Event: 38.944 GC heap after
{Heap after GC invocations=119 (full 3):
 PSYoungGen      total 15360K, used 1017K [0x00000000d5580000, 0x00000000d6900000, 0x0000000100000000)
  eden space 14336K, 0% used [0x00000000d5580000,0x00000000d5580000,0x00000000d6380000)
  from space 1024K, 99% used [0x00000000d6600000,0x00000000d66fe410,0x00000000d6700000)
  to   space 2560K, 0% used [0x00000000d6380000,0x00000000d6380000,0x00000000d6600000)
 ParOldGen       total 97280K, used 96976K [0x0000000080000000, 0x0000000085f00000, 0x00000000d5580000)
  object space 97280K, 99% used [0x0000000080000000,0x0000000085eb4178,0x0000000085f00000)
 Metaspace       used 66794K, committed 68288K, reserved 1114112K
  class space    used 7043K, committed 7680K, reserved 1048576K
}
Event: 39.359 GC heap before
{Heap before GC invocations=120 (full 3):
 PSYoungGen      total 15360K, used 15353K [0x00000000d5580000, 0x00000000d6900000, 0x0000000100000000)
  eden space 14336K, 100% used [0x00000000d5580000,0x00000000d6380000,0x00000000d6380000)
  from space 1024K, 99% used [0x00000000d6600000,0x00000000d66fe410,0x00000000d6700000)
  to   space 2560K, 0% used [0x00000000d6380000,0x00000000d6380000,0x00000000d6600000)
 ParOldGen       total 97280K, used 96976K [0x0000000080000000, 0x0000000085f00000, 0x00000000d5580000)
  object space 97280K, 99% used [0x0000000080000000,0x0000000085eb4178,0x0000000085f00000)
 Metaspace       used 67208K, committed 68672K, reserved 1114112K
  class space    used 7056K, committed 7680K, reserved 1048576K
}
Event: 39.364 GC heap after
{Heap after GC invocations=120 (full 3):
 PSYoungGen      total 15872K, used 1249K [0x00000000d5580000, 0x00000000d6780000, 0x0000000100000000)
  eden space 14336K, 0% used [0x00000000d5580000,0x00000000d5580000,0x00000000d6380000)
  from space 1536K, 81% used [0x00000000d6380000,0x00000000d64b8430,0x00000000d6500000)
  to   space 2048K, 0% used [0x00000000d6580000,0x00000000d6580000,0x00000000d6780000)
 ParOldGen       total 98304K, used 97826K [0x0000000080000000, 0x0000000086000000, 0x00000000d5580000)
  object space 98304K, 99% used [0x0000000080000000,0x0000000085f88b08,0x0000000086000000)
 Metaspace       used 67208K, committed 68672K, reserved 1114112K
  class space    used 7056K, committed 7680K, reserved 1048576K
}
Event: 315.482 GC heap before
{Heap before GC invocations=121 (full 3):
 PSYoungGen      total 15872K, used 15585K [0x00000000d5580000, 0x00000000d6780000, 0x0000000100000000)
  eden space 14336K, 100% used [0x00000000d5580000,0x00000000d6380000,0x00000000d6380000)
  from space 1536K, 81% used [0x00000000d6380000,0x00000000d64b8430,0x00000000d6500000)
  to   space 2048K, 0% used [0x00000000d6580000,0x00000000d6580000,0x00000000d6780000)
 ParOldGen       total 98304K, used 97826K [0x0000000080000000, 0x0000000086000000, 0x00000000d5580000)
  object space 98304K, 99% used [0x0000000080000000,0x0000000085f88b08,0x0000000086000000)
 Metaspace       used 67771K, committed 69312K, reserved 1114112K
  class space    used 7110K, committed 7744K, reserved 1048576K
}
Event: 315.545 GC heap after
{Heap after GC invocations=121 (full 3):
 PSYoungGen      total 15872K, used 1040K [0x00000000d5580000, 0x00000000d6700000, 0x0000000100000000)
  eden space 14336K, 0% used [0x00000000d5580000,0x00000000d5580000,0x00000000d6380000)
  from space 1536K, 67% used [0x00000000d6580000,0x00000000d6684010,0x00000000d6700000)
  to   space 1536K, 0% used [0x00000000d6380000,0x00000000d6380000,0x00000000d6500000)
 ParOldGen       total 99328K, used 98916K [0x0000000080000000, 0x0000000086100000, 0x00000000d5580000)
  object space 99328K, 99% used [0x0000000080000000,0x00000000860990a0,0x0000000086100000)
 Metaspace       used 67771K, committed 69312K, reserved 1114112K
  class space    used 7110K, committed 7744K, reserved 1048576K
}
Event: 316.020 GC heap before
{Heap before GC invocations=122 (full 3):
 PSYoungGen      total 15872K, used 15376K [0x00000000d5580000, 0x00000000d6700000, 0x0000000100000000)
  eden space 14336K, 100% used [0x00000000d5580000,0x00000000d6380000,0x00000000d6380000)
  from space 1536K, 67% used [0x00000000d6580000,0x00000000d6684010,0x00000000d6700000)
  to   space 1536K, 0% used [0x00000000d6380000,0x00000000d6380000,0x00000000d6500000)
 ParOldGen       total 99328K, used 98916K [0x0000000080000000, 0x0000000086100000, 0x00000000d5580000)
  object space 99328K, 99% used [0x0000000080000000,0x00000000860990a0,0x0000000086100000)
 Metaspace       used 67954K, committed 69568K, reserved 1114112K
  class space    used 7117K, committed 7808K, reserved 1048576K
}
Event: 316.026 GC heap after
{Heap after GC invocations=122 (full 3):
 PSYoungGen      total 15872K, used 1518K [0x00000000d5580000, 0x00000000d6980000, 0x0000000100000000)
  eden space 14336K, 0% used [0x00000000d5580000,0x00000000d5580000,0x00000000d6380000)
  from space 1536K, 98% used [0x00000000d6380000,0x00000000d64fbb60,0x00000000d6500000)
  to   space 3072K, 0% used [0x00000000d6680000,0x00000000d6680000,0x00000000d6980000)
 ParOldGen       total 100352K, used 100012K [0x0000000080000000, 0x0000000086200000, 0x00000000d5580000)
  object space 100352K, 99% used [0x0000000080000000,0x00000000861ab2f0,0x0000000086200000)
 Metaspace       used 67954K, committed 69568K, reserved 1114112K
  class space    used 7117K, committed 7808K, reserved 1048576K
}
Event: 316.299 GC heap before
{Heap before GC invocations=123 (full 3):
 PSYoungGen      total 15872K, used 15854K [0x00000000d5580000, 0x00000000d6980000, 0x0000000100000000)
  eden space 14336K, 100% used [0x00000000d5580000,0x00000000d6380000,0x00000000d6380000)
  from space 1536K, 98% used [0x00000000d6380000,0x00000000d64fbb60,0x00000000d6500000)
  to   space 3072K, 0% used [0x00000000d6680000,0x00000000d6680000,0x00000000d6980000)
 ParOldGen       total 100352K, used 100012K [0x0000000080000000, 0x0000000086200000, 0x00000000d5580000)
  object space 100352K, 99% used [0x0000000080000000,0x00000000861ab2f0,0x0000000086200000)
 Metaspace       used 68172K, committed 69760K, reserved 1114112K
  class space    used 7124K, committed 7808K, reserved 1048576K
}
Event: 316.303 GC heap after
{Heap after GC invocations=123 (full 3):
 PSYoungGen      total 16384K, used 1604K [0x00000000d5580000, 0x00000000d6880000, 0x0000000100000000)
  eden space 14336K, 0% used [0x00000000d5580000,0x00000000d5580000,0x00000000d6380000)
  from space 2048K, 78% used [0x00000000d6680000,0x00000000d6811210,0x00000000d6880000)
  to   space 2048K, 0% used [0x00000000d6480000,0x00000000d6480000,0x00000000d6680000)
 ParOldGen       total 101888K, used 101499K [0x0000000080000000, 0x0000000086380000, 0x00000000d5580000)
  object space 101888K, 99% used [0x0000000080000000,0x000000008631eca0,0x0000000086380000)
 Metaspace       used 68172K, committed 69760K, reserved 1114112K
  class space    used 7124K, committed 7808K, reserved 1048576K
}

Dll operation events (10 events):
Event: 0.026 Loaded shared library c:\Users\USER\.vscode\extensions\redhat.java-1.54.0-win32-x64\jre\21.0.10-win32-x86_64\bin\java.dll
Event: 0.270 Loaded shared library c:\Users\USER\.vscode\extensions\redhat.java-1.54.0-win32-x64\jre\21.0.10-win32-x86_64\bin\zip.dll
Event: 0.347 Loaded shared library C:\Users\USER\.vscode\extensions\redhat.java-1.54.0-win32-x64\jre\21.0.10-win32-x86_64\bin\instrument.dll
Event: 0.364 Loaded shared library C:\Users\USER\.vscode\extensions\redhat.java-1.54.0-win32-x64\jre\21.0.10-win32-x86_64\bin\net.dll
Event: 0.370 Loaded shared library C:\Users\USER\.vscode\extensions\redhat.java-1.54.0-win32-x64\jre\21.0.10-win32-x86_64\bin\nio.dll
Event: 0.381 Loaded shared library C:\Users\USER\.vscode\extensions\redhat.java-1.54.0-win32-x64\jre\21.0.10-win32-x86_64\bin\zip.dll
Event: 0.440 Loaded shared library C:\Users\USER\.vscode\extensions\redhat.java-1.54.0-win32-x64\jre\21.0.10-win32-x86_64\bin\jimage.dll
Event: 0.721 Loaded shared library c:\Users\USER\.vscode\extensions\redhat.java-1.54.0-win32-x64\jre\21.0.10-win32-x86_64\bin\verify.dll
Event: 4.771 Loaded shared library C:\Users\USER\AppData\Roaming\Code\User\globalStorage\redhat.java\1.54.0\config_win\org.eclipse.equinox.launcher\org.eclipse.equinox.launcher.win32.win32.x86_64_1.3.0.v20260203-2149\eclipse_11919.dll
Event: 12.547 Loaded shared library C:\Users\USER\AppData\Local\Temp\jna--1514262070\jna5582319544351854521.dll

Deoptimization events (20 events):
Event: 39.617 Thread 0x0000025ef29973f0 Uncommon trap: trap_request=0xffffffde fr.pc=0x0000025e9cddc298 relative=0x0000000000000078
Event: 39.617 Thread 0x0000025ef29973f0 Uncommon trap: reason=class_check action=maybe_recompile pc=0x0000025e9cddc298 method=java.util.LinkedHashMap.afterNodeInsertion(Z)V @ 15 c2
Event: 39.617 Thread 0x0000025ef29973f0 DEOPT PACKING pc=0x0000025e9cddc298 sp=0x000000be5befea20
Event: 39.617 Thread 0x0000025ef29973f0 DEOPT UNPACKING pc=0x0000025e9c4b3aa2 sp=0x000000be5befe998 mode 2
Event: 39.713 Thread 0x0000025ef2997a80 DEOPT PACKING pc=0x0000025e95f4de39 sp=0x000000be5bffda50
Event: 39.713 Thread 0x0000025ef2997a80 DEOPT UNPACKING pc=0x0000025e9c4b4242 sp=0x000000be5bffcf50 mode 0
Event: 315.606 Thread 0x0000025ef3143010 DEOPT PACKING pc=0x0000025e95c38be3 sp=0x000000be5c3fdc40
Event: 315.606 Thread 0x0000025ef3143010 DEOPT UNPACKING pc=0x0000025e9c4b4242 sp=0x000000be5c3fd180 mode 0
Event: 315.921 Thread 0x0000025ef2996040 DEOPT PACKING pc=0x0000025e95e85f1f sp=0x000000be5bdfc8f0
Event: 315.921 Thread 0x0000025ef2996040 DEOPT UNPACKING pc=0x0000025e9c4b4242 sp=0x000000be5bdfbe00 mode 0
Event: 316.042 Thread 0x0000025ef3143010 DEOPT PACKING pc=0x0000025e9637e4c7 sp=0x000000be5c3fd7c0
Event: 316.042 Thread 0x0000025ef3143010 DEOPT UNPACKING pc=0x0000025e9c4b4242 sp=0x000000be5c3fccd8 mode 0
Event: 316.083 Thread 0x0000025ef2996040 DEOPT PACKING pc=0x0000025e96675bd6 sp=0x000000be5bdfcda0
Event: 316.083 Thread 0x0000025ef2996040 DEOPT UNPACKING pc=0x0000025e9c4b4242 sp=0x000000be5bdfc238 mode 0
Event: 316.311 Thread 0x0000025ef3143010 DEOPT PACKING pc=0x0000025e95ef1d65 sp=0x000000be5c3fd580
Event: 316.311 Thread 0x0000025ef3143010 DEOPT UNPACKING pc=0x0000025e9c4b4242 sp=0x000000be5c3fca38 mode 0
Event: 316.437 Thread 0x0000025ef3143010 Uncommon trap: trap_request=0xffffffde fr.pc=0x0000025e9cddc298 relative=0x0000000000000078
Event: 316.437 Thread 0x0000025ef3143010 Uncommon trap: reason=class_check action=maybe_recompile pc=0x0000025e9cddc298 method=java.util.LinkedHashMap.afterNodeInsertion(Z)V @ 15 c2
Event: 316.437 Thread 0x0000025ef3143010 DEOPT PACKING pc=0x0000025e9cddc298 sp=0x000000be5c3feec0
Event: 316.437 Thread 0x0000025ef3143010 DEOPT UNPACKING pc=0x0000025e9c4b3aa2 sp=0x000000be5c3fee38 mode 2

Classes loaded (20 events):
Event: 34.870 Loading class sun/util/resources/cldr/TimeZoneNames_en
Event: 34.875 Loading class sun/util/resources/cldr/TimeZoneNames_en done
Event: 34.964 Loading class sun/util/resources/cldr/TimeZoneNames_en_US
Event: 34.964 Loading class sun/util/resources/cldr/TimeZoneNames_en_US done
Event: 34.968 Loading class sun/util/cldr/CLDRBaseLocaleDataMetaInfo$TZCanonicalIDMapHolder
Event: 34.996 Loading class sun/util/cldr/CLDRBaseLocaleDataMetaInfo$TZCanonicalIDMapHolder done
Event: 35.013 Loading class sun/util/resources/TimeZoneNames
Event: 35.016 Loading class sun/util/resources/TimeZoneNames done
Event: 35.017 Loading class sun/util/resources/TimeZoneNames_en
Event: 35.017 Loading class sun/util/resources/TimeZoneNames_en done
Event: 35.435 Loading class java/util/stream/ReduceOps$4
Event: 35.435 Loading class java/util/stream/ReduceOps$4 done
Event: 35.436 Loading class java/util/stream/ReduceOps$4ReducingSink
Event: 35.436 Loading class java/util/stream/ReduceOps$4ReducingSink done
Event: 36.032 Loading class java/nio/file/Files$2
Event: 36.033 Loading class java/nio/file/Files$2 done
Event: 36.142 Loading class java/lang/invoke/MethodHandleImpl$CountingWrapper$1
Event: 36.143 Loading class java/lang/invoke/MethodHandleImpl$CountingWrapper$1 done
Event: 37.778 Loading class jdk/internal/ref/CleanerImpl$InnocuousThreadFactory
Event: 37.778 Loading class jdk/internal/ref/CleanerImpl$InnocuousThreadFactory done

Classes unloaded (7 events):
Event: 13.920 Thread 0x0000025e91c704c0 Unloading class 0x0000025eaa1a5400 'java/lang/invoke/LambdaForm$MH+0x0000025eaa1a5400'
Event: 13.920 Thread 0x0000025e91c704c0 Unloading class 0x0000025eaa1a5000 'java/lang/invoke/LambdaForm$MH+0x0000025eaa1a5000'
Event: 13.920 Thread 0x0000025e91c704c0 Unloading class 0x0000025eaa1a4c00 'java/lang/invoke/LambdaForm$MH+0x0000025eaa1a4c00'
Event: 13.920 Thread 0x0000025e91c704c0 Unloading class 0x0000025eaa1a4800 'java/lang/invoke/LambdaForm$MH+0x0000025eaa1a4800'
Event: 13.920 Thread 0x0000025e91c704c0 Unloading class 0x0000025eaa1a4400 'java/lang/invoke/LambdaForm$BMH+0x0000025eaa1a4400'
Event: 13.920 Thread 0x0000025e91c704c0 Unloading class 0x0000025eaa1a4000 'java/lang/invoke/LambdaForm$DMH+0x0000025eaa1a4000'
Event: 13.920 Thread 0x0000025e91c704c0 Unloading class 0x0000025eaa1a2c00 'java/lang/invoke/LambdaForm$DMH+0x0000025eaa1a2c00'

Classes redefined (0 events):
No events

Internal exceptions (20 events):
Event: 36.030 Thread 0x0000025eef8ad060 Exception <a 'java/lang/LinkageError'{0x00000000d6376f20}: loader lombok.launch.ShadowClassLoader @51562acb attempted duplicate class definition for lombok.launch.PatchFixesHider$Val. (lombok.launch.PatchFixesHider$Val is in unnamed module of loader lombok.launch.ShadowClassLoader @51562acb, parent loader org.eclipse.osgi.internal.loader.EquinoxClassLoader @41298cc2)> (0x00000000d6376f20) 
thrown [s\src\hotspot\share\classfile\systemDictionary.cpp, line 1672]
Event: 36.173 Thread 0x0000025eef8ad060 Exception <a 'java/lang/NoSuchMethodError'{0x00000000d57ed588}: 'void java.lang.invoke.DirectMethodHandle$Holder.invokeVirtual(java.lang.Object, java.lang.Object, java.lang.Object, java.lang.Object, java.lang.Object)'> (0x00000000d57ed588) 
thrown [s\src\hotspot\share\interpreter\linkResolver.cpp, line 773]
Event: 36.173 Thread 0x0000025ef29973f0 Exception <a 'java/lang/NoSuchMethodError'{0x00000000d5a47ca0}: 'void java.lang.invoke.DirectMethodHandle$Holder.invokeVirtual(java.lang.Object, java.lang.Object, java.lang.Object, java.lang.Object, java.lang.Object)'> (0x00000000d5a47ca0) 
thrown [s\src\hotspot\share\interpreter\linkResolver.cpp, line 773]
Event: 36.173 Thread 0x0000025ef29994c0 Exception <a 'java/lang/NoSuchMethodError'{0x00000000d58fcb78}: 'void java.lang.invoke.DirectMethodHandle$Holder.invokeVirtual(java.lang.Object, java.lang.Object, java.lang.Object, java.lang.Object, java.lang.Object)'> (0x00000000d58fcb78) 
thrown [s\src\hotspot\share\interpreter\linkResolver.cpp, line 773]
Event: 36.448 Thread 0x0000025ef29994c0 Exception <a 'java/lang/LinkageError'{0x00000000d622b460}: loader lombok.launch.ShadowClassLoader @4dcb0b22 attempted duplicate class definition for lombok.eclipse.agent.PatchDiagnostics. (lombok.eclipse.agent.PatchDiagnostics is in unnamed module of loader lombok.launch.ShadowClassLoader @4dcb0b22, parent loader org.eclipse.osgi.internal.loader.EquinoxClassLoader @27e56929)> (0x00000000d622b460) 
thrown [s\src\hotspot\share\classfile\systemDictionary.cpp, line 1672]
Event: 36.460 Thread 0x0000025eef8ad060 Exception <a 'java/io/FileNotFoundException'{0x00000000d62756b0}> (0x00000000d62756b0) 
thrown [s\src\hotspot\share\prims\jni.cpp, line 520]
Event: 36.460 Thread 0x0000025eef8ad060 Exception <a 'java/io/FileNotFoundException'{0x00000000d6276788}> (0x00000000d6276788) 
thrown [s\src\hotspot\share\prims\jni.cpp, line 520]
Event: 36.461 Thread 0x0000025eef8ad060 Exception <a 'java/io/FileNotFoundException'{0x00000000d62774e8}> (0x00000000d62774e8) 
thrown [s\src\hotspot\share\prims\jni.cpp, line 520]
Event: 36.585 Thread 0x0000025ef29994c0 Exception <a 'java/lang/LinkageError'{0x00000000d56378f8}: loader lombok.launch.ShadowClassLoader @4dcb0b22 attempted duplicate class definition for lombok.launch.PatchFixesHider$ValPortal. (lombok.launch.PatchFixesHider$ValPortal is in unnamed module of loader lombok.launch.ShadowClassLoader @4dcb0b22, parent loader org.eclipse.osgi.internal.loader.EquinoxClassLoader @27e56929)> (0x00000000d56378f8) 
thrown [s\src\hotspot\share\classfile\systemDictionary.cpp, line 1672]
Event: 37.057 Thread 0x0000025ef29994c0 Implicit null exception at 0x0000025e9d02ed73 to 0x0000025e9d0304a8
Event: 37.784 Thread 0x0000025ef2997a80 Exception <a 'sun/nio/fs/WindowsException'{0x00000000d63a1bd8}> (0x00000000d63a1bd8) 
thrown [s\src\hotspot\share\prims\jni.cpp, line 520]
Event: 37.785 Thread 0x0000025ef2997a80 Exception <a 'sun/nio/fs/WindowsException'{0x00000000d63a24d8}> (0x00000000d63a24d8) 
thrown [s\src\hotspot\share\prims\jni.cpp, line 520]
Event: 37.785 Thread 0x0000025ef2997a80 Exception <a 'sun/nio/fs/WindowsException'{0x00000000d63a3220}> (0x00000000d63a3220) 
thrown [s\src\hotspot\share\prims\jni.cpp, line 520]
Event: 37.785 Thread 0x0000025ef2997a80 Exception <a 'sun/nio/fs/WindowsException'{0x00000000d63a3b00}> (0x00000000d63a3b00) 
thrown [s\src\hotspot\share\prims\jni.cpp, line 520]
Event: 37.789 Thread 0x0000025ef2997a80 Exception <a 'sun/nio/fs/WindowsException'{0x00000000d63b3e38}> (0x00000000d63b3e38) 
thrown [s\src\hotspot\share\prims\jni.cpp, line 520]
Event: 37.789 Thread 0x0000025ef2997a80 Exception <a 'sun/nio/fs/WindowsException'{0x00000000d63b4718}> (0x00000000d63b4718) 
thrown [s\src\hotspot\share\prims\jni.cpp, line 520]
Event: 37.811 Thread 0x0000025ef2997a80 Exception <a 'sun/nio/fs/WindowsException'{0x00000000d63db420}> (0x00000000d63db420) 
thrown [s\src\hotspot\share\prims\jni.cpp, line 520]
Event: 37.812 Thread 0x0000025ef2997a80 Exception <a 'sun/nio/fs/WindowsException'{0x00000000d63dbd00}> (0x00000000d63dbd00) 
thrown [s\src\hotspot\share\prims\jni.cpp, line 520]
Event: 315.182 Thread 0x0000025ef2995320 Exception <a 'java/lang/IncompatibleClassChangeError'{0x00000000d62a1010}: Found class java.lang.Object, but interface was expected> (0x00000000d62a1010) 
thrown [s\src\hotspot\share\interpreter\linkResolver.cpp, line 840]
Event: 315.338 Thread 0x0000025ef2995320 Exception <a 'java/lang/IncompatibleClassChangeError'{0x00000000d63131d8}: Found class java.lang.Object, but interface was expected> (0x00000000d63131d8) 
thrown [s\src\hotspot\share\interpreter\linkResolver.cpp, line 840]

ZGC Phase Switch (0 events):
No events

VM Operations (20 events):
Event: 1984.321 Executing non-safepoint VM operation: HandshakeAllThreads (HandshakeForDeflation)
Event: 1984.321 Executing non-safepoint VM operation: HandshakeAllThreads (HandshakeForDeflation) done
Event: 1984.321 Executing non-safepoint VM operation: RendezvousGCThreads
Event: 1984.321 Executing non-safepoint VM operation: RendezvousGCThreads done
Event: 2044.369 Executing non-safepoint VM operation: HandshakeAllThreads (HandshakeForDeflation)
Event: 2044.369 Executing non-safepoint VM operation: HandshakeAllThreads (HandshakeForDeflation) done
Event: 2044.369 Executing non-safepoint VM operation: RendezvousGCThreads
Event: 2044.369 Executing non-safepoint VM operation: RendezvousGCThreads done
Event: 2164.598 Executing non-safepoint VM operation: HandshakeAllThreads (HandshakeForDeflation)
Event: 2164.598 Executing non-safepoint VM operation: HandshakeAllThreads (HandshakeForDeflation) done
Event: 2164.598 Executing non-safepoint VM operation: RendezvousGCThreads
Event: 2164.598 Executing non-safepoint VM operation: RendezvousGCThreads done
Event: 2284.978 Executing non-safepoint VM operation: HandshakeAllThreads (HandshakeForDeflation)
Event: 2284.978 Executing non-safepoint VM operation: HandshakeAllThreads (HandshakeForDeflation) done
Event: 2284.978 Executing non-safepoint VM operation: RendezvousGCThreads
Event: 2284.978 Executing non-safepoint VM operation: RendezvousGCThreads done
Event: 2345.057 Executing non-safepoint VM operation: HandshakeAllThreads (HandshakeForDeflation)
Event: 2345.057 Executing non-safepoint VM operation: HandshakeAllThreads (HandshakeForDeflation) done
Event: 2345.057 Executing non-safepoint VM operation: RendezvousGCThreads
Event: 2345.057 Executing non-safepoint VM operation: RendezvousGCThreads done

Memory protections (0 events):
No events

Nmethod flushes (20 events):
Event: 30.163 Thread 0x0000025e91c704c0 flushing  nmethod 0x0000025e9583cb90
Event: 30.163 Thread 0x0000025e91c704c0 flushing  nmethod 0x0000025e95853110
Event: 30.163 Thread 0x0000025e91c704c0 flushing  nmethod 0x0000025e9585f810
Event: 30.163 Thread 0x0000025e91c704c0 flushing  nmethod 0x0000025e9587aa90
Event: 30.163 Thread 0x0000025e91c704c0 flushing  nmethod 0x0000025e95890e90
Event: 30.163 Thread 0x0000025e91c704c0 flushing  nmethod 0x0000025e95891310
Event: 30.163 Thread 0x0000025e91c704c0 flushing  nmethod 0x0000025e9589fb90
Event: 30.163 Thread 0x0000025e91c704c0 flushing  nmethod 0x0000025e958a2010
Event: 30.163 Thread 0x0000025e91c704c0 flushing  nmethod 0x0000025e958a3590
Event: 30.163 Thread 0x0000025e91c704c0 flushing  nmethod 0x0000025e958c5710
Event: 30.163 Thread 0x0000025e91c704c0 flushing  nmethod 0x0000025e958c5c90
Event: 30.163 Thread 0x0000025e91c704c0 flushing  nmethod 0x0000025e958c6110
Event: 30.163 Thread 0x0000025e91c704c0 flushing  nmethod 0x0000025e958c6b90
Event: 30.163 Thread 0x0000025e91c704c0 flushing  nmethod 0x0000025e958c7d90
Event: 30.163 Thread 0x0000025e91c704c0 flushing  nmethod 0x0000025e958c8290
Event: 30.163 Thread 0x0000025e91c704c0 flushing  nmethod 0x0000025e958c8e10
Event: 30.163 Thread 0x0000025e91c704c0 flushing  nmethod 0x0000025e958c9610
Event: 30.163 Thread 0x0000025e91c704c0 flushing  nmethod 0x0000025e958f8e90
Event: 30.163 Thread 0x0000025e91c704c0 flushing  nmethod 0x0000025e958f9690
Event: 30.163 Thread 0x0000025e91c704c0 flushing  nmethod 0x0000025e958f9c90

Events (20 events):
Event: 35.260 Thread 0x0000025ef31422f0 Thread exited: 0x0000025ef31422f0
Event: 35.260 Thread 0x0000025ef3149280 Thread exited: 0x0000025ef3149280
Event: 35.260 Thread 0x0000025ef3146b20 Thread exited: 0x0000025ef3146b20
Event: 35.261 Thread 0x0000025ef3149910 Thread exited: 0x0000025ef3149910
Event: 35.261 Thread 0x0000025ef3148560 Thread exited: 0x0000025ef3148560
Event: 37.779 Thread 0x0000025ef29973f0 Thread added: 0x0000025ef3149280
Event: 45.119 Thread 0x0000025eef1bbac0 Thread exited: 0x0000025eef1bbac0
Event: 46.235 Thread 0x0000025eef9a7130 Thread exited: 0x0000025eef9a7130
Event: 97.914 Thread 0x0000025eef8af7c0 Thread exited: 0x0000025eef8af7c0
Event: 98.144 Thread 0x0000025eef8af130 Thread exited: 0x0000025eef8af130
Event: 99.649 Thread 0x0000025eef8ad060 Thread exited: 0x0000025eef8ad060
Event: 99.817 Thread 0x0000025ef2997a80 Thread exited: 0x0000025ef2997a80
Event: 159.819 Thread 0x0000025ef29973f0 Thread exited: 0x0000025ef29973f0
Event: 219.827 Thread 0x0000025ef2999b50 Thread exited: 0x0000025ef2999b50
Event: 279.833 Thread 0x0000025ef29994c0 Thread exited: 0x0000025ef29994c0
Event: 315.440 Thread 0x0000025ef3143010 Thread added: 0x0000025ef3147840
Event: 376.449 Thread 0x0000025ef3143010 Thread exited: 0x0000025ef3143010
Event: 436.457 Thread 0x0000025ef2996040 Thread exited: 0x0000025ef2996040
Event: 496.460 Thread 0x0000025ef2998e30 Thread exited: 0x0000025ef2998e30
Event: 556.465 Thread 0x0000025ef3147840 Thread exited: 0x0000025ef3147840


Dynamic libraries:
0x00007ff65f4c0000 - 0x00007ff65f4ce000 	c:\Users\USER\.vscode\extensions\redhat.java-1.54.0-win32-x64\jre\21.0.10-win32-x86_64\bin\java.exe
0x00007ffd5d120000 - 0x00007ffd5d329000 	C:\Windows\SYSTEM32\ntdll.dll
0x00007ffd5c750000 - 0x00007ffd5c80d000 	C:\Windows\System32\KERNEL32.DLL
0x00007ffd5a790000 - 0x00007ffd5ab14000 	C:\Windows\System32\KERNELBASE.dll
0x00007ffd5ae50000 - 0x00007ffd5af61000 	C:\Windows\System32\ucrtbase.dll
0x00007ffd44a90000 - 0x00007ffd44aae000 	c:\Users\USER\.vscode\extensions\redhat.java-1.54.0-win32-x64\jre\21.0.10-win32-x86_64\bin\VCRUNTIME140.dll
0x00007ffd44bd0000 - 0x00007ffd44be8000 	c:\Users\USER\.vscode\extensions\redhat.java-1.54.0-win32-x64\jre\21.0.10-win32-x86_64\bin\jli.dll
0x00007ffd5c9f0000 - 0x00007ffd5cb9d000 	C:\Windows\System32\USER32.dll
0x00007ffd5ac90000 - 0x00007ffd5acb6000 	C:\Windows\System32\win32u.dll
0x00007ffd48620000 - 0x00007ffd488c5000 	C:\Windows\WinSxS\amd64_microsoft.windows.common-controls_6595b64144ccf1df_6.0.22000.120_none_9d947278b86cc467\COMCTL32.dll
0x00007ffd5cc10000 - 0x00007ffd5ccb3000 	C:\Windows\System32\msvcrt.dll
0x00007ffd5cf00000 - 0x00007ffd5cf2a000 	C:\Windows\System32\GDI32.dll
0x00007ffd5a5b0000 - 0x00007ffd5a6ce000 	C:\Windows\System32\gdi32full.dll
0x00007ffd5acc0000 - 0x00007ffd5ad5d000 	C:\Windows\System32\msvcp_win.dll
0x00007ffd5cf30000 - 0x00007ffd5cf61000 	C:\Windows\System32\IMM32.DLL
0x00007ffd44bc0000 - 0x00007ffd44bcc000 	c:\Users\USER\.vscode\extensions\redhat.java-1.54.0-win32-x64\jre\21.0.10-win32-x86_64\bin\vcruntime140_1.dll
0x00007ffd44880000 - 0x00007ffd4490d000 	c:\Users\USER\.vscode\extensions\redhat.java-1.54.0-win32-x64\jre\21.0.10-win32-x86_64\bin\msvcp140.dll
0x00007ffcb4be0000 - 0x00007ffcb5981000 	c:\Users\USER\.vscode\extensions\redhat.java-1.54.0-win32-x64\jre\21.0.10-win32-x86_64\bin\server\jvm.dll
0x00007ffd5ccc0000 - 0x00007ffd5cd6e000 	C:\Windows\System32\ADVAPI32.dll
0x00007ffd5d040000 - 0x00007ffd5d0de000 	C:\Windows\System32\sechost.dll
0x00007ffd5c5f0000 - 0x00007ffd5c711000 	C:\Windows\System32\RPCRT4.dll
0x00007ffd5cba0000 - 0x00007ffd5cc0f000 	C:\Windows\System32\WS2_32.dll
0x00007ffd58ed0000 - 0x00007ffd58f1d000 	C:\Windows\SYSTEM32\POWRPROF.dll
0x00007ffd4a710000 - 0x00007ffd4a743000 	C:\Windows\SYSTEM32\WINMM.dll
0x00007ffd57f90000 - 0x00007ffd57f9a000 	C:\Windows\SYSTEM32\VERSION.dll
0x00007ffd58fc0000 - 0x00007ffd58fd3000 	C:\Windows\SYSTEM32\UMPDC.dll
0x00007ffd596d0000 - 0x00007ffd596e8000 	C:\Windows\SYSTEM32\kernel.appcore.dll
0x00007ffd44a80000 - 0x00007ffd44a8a000 	c:\Users\USER\.vscode\extensions\redhat.java-1.54.0-win32-x64\jre\21.0.10-win32-x86_64\bin\jimage.dll
0x00007ffd57ba0000 - 0x00007ffd57dc1000 	C:\Windows\SYSTEM32\DBGHELP.DLL
0x00007ffd41730000 - 0x00007ffd41761000 	C:\Windows\SYSTEM32\dbgcore.DLL
0x00007ffd5add0000 - 0x00007ffd5ae4f000 	C:\Windows\System32\bcryptPrimitives.dll
0x00007ffd44a70000 - 0x00007ffd44a7f000 	c:\Users\USER\.vscode\extensions\redhat.java-1.54.0-win32-x64\jre\21.0.10-win32-x86_64\bin\instrument.dll
0x00007ffd44a50000 - 0x00007ffd44a70000 	c:\Users\USER\.vscode\extensions\redhat.java-1.54.0-win32-x64\jre\21.0.10-win32-x86_64\bin\java.dll
0x00007ffd5b9a0000 - 0x00007ffd5c165000 	C:\Windows\System32\SHELL32.dll
0x00007ffd58650000 - 0x00007ffd58eb2000 	C:\Windows\SYSTEM32\windows.storage.dll
0x00007ffd5b560000 - 0x00007ffd5b8d6000 	C:\Windows\System32\combase.dll
0x00007ffd584e0000 - 0x00007ffd58647000 	C:\Windows\SYSTEM32\wintypes.dll
0x00007ffd5c900000 - 0x00007ffd5c9ea000 	C:\Windows\System32\SHCORE.dll
0x00007ffd5cfe0000 - 0x00007ffd5d03d000 	C:\Windows\System32\shlwapi.dll
0x00007ffd5a4e0000 - 0x00007ffd5a505000 	C:\Windows\SYSTEM32\profapi.dll
0x00007ffd44470000 - 0x00007ffd44488000 	c:\Users\USER\.vscode\extensions\redhat.java-1.54.0-win32-x64\jre\21.0.10-win32-x86_64\bin\zip.dll
0x00007ffd44a40000 - 0x00007ffd44a50000 	C:\Users\USER\.vscode\extensions\redhat.java-1.54.0-win32-x64\jre\21.0.10-win32-x86_64\bin\net.dll
0x00007ffd55c30000 - 0x00007ffd55d44000 	C:\Windows\SYSTEM32\WINHTTP.dll
0x00007ffd59b70000 - 0x00007ffd59bd7000 	C:\Windows\system32\mswsock.dll
0x00007ffd44450000 - 0x00007ffd44466000 	C:\Users\USER\.vscode\extensions\redhat.java-1.54.0-win32-x64\jre\21.0.10-win32-x86_64\bin\nio.dll
0x00007ffd44870000 - 0x00007ffd44880000 	c:\Users\USER\.vscode\extensions\redhat.java-1.54.0-win32-x64\jre\21.0.10-win32-x86_64\bin\verify.dll
0x00007ffd3cc50000 - 0x00007ffd3cc95000 	C:\Users\USER\AppData\Roaming\Code\User\globalStorage\redhat.java\1.54.0\config_win\org.eclipse.equinox.launcher\org.eclipse.equinox.launcher.win32.win32.x86_64_1.3.0.v20260203-2149\eclipse_11919.dll
0x00007ffd5b3c0000 - 0x00007ffd5b55a000 	C:\Windows\System32\ole32.dll
0x00007ffd59e40000 - 0x00007ffd59e58000 	C:\Windows\SYSTEM32\CRYPTSP.dll
0x00007ffd59630000 - 0x00007ffd59665000 	C:\Windows\system32\rsaenh.dll
0x00007ffd59c10000 - 0x00007ffd59c3c000 	C:\Windows\SYSTEM32\USERENV.dll
0x00007ffd59f80000 - 0x00007ffd59fa7000 	C:\Windows\SYSTEM32\bcrypt.dll
0x00007ffd59d60000 - 0x00007ffd59d6c000 	C:\Windows\SYSTEM32\CRYPTBASE.dll
0x00007ffd591f0000 - 0x00007ffd5921d000 	C:\Windows\SYSTEM32\IPHLPAPI.DLL
0x00007ffd5b8e0000 - 0x00007ffd5b8e9000 	C:\Windows\System32\NSI.dll
0x00007ffd3cbb0000 - 0x00007ffd3cbf9000 	C:\Users\USER\AppData\Local\Temp\jna--1514262070\jna5582319544351854521.dll
0x00007ffd5af70000 - 0x00007ffd5af78000 	C:\Windows\System32\PSAPI.DLL
0x00007ffd55bf0000 - 0x00007ffd55c09000 	C:\Windows\SYSTEM32\dhcpcsvc6.DLL
0x00007ffd55dd0000 - 0x00007ffd55dee000 	C:\Windows\SYSTEM32\dhcpcsvc.DLL

JVMTI agents:
c:\Users\USER\.vscode\extensions\redhat.java-1.54.0-win32-x64\lombok\lombok-1.18.39-4050.jar path:c:\Users\USER\.vscode\extensions\redhat.java-1.54.0-win32-x64\jre\21.0.10-win32-x86_64\bin\instrument.dll, loaded, initialized, instrumentlib options:none

dbghelp: loaded successfully - version: 4.0.5 - missing functions: none
symbol engine: initialized successfully - sym options: 0x614 - pdb path: .;c:\Users\USER\.vscode\extensions\redhat.java-1.54.0-win32-x64\jre\21.0.10-win32-x86_64\bin;C:\Windows\SYSTEM32;C:\Windows\WinSxS\amd64_microsoft.windows.common-controls_6595b64144ccf1df_6.0.22000.120_none_9d947278b86cc467;c:\Users\USER\.vscode\extensions\redhat.java-1.54.0-win32-x64\jre\21.0.10-win32-x86_64\bin\server;C:\Users\USER\AppData\Roaming\Code\User\globalStorage\redhat.java\1.54.0\config_win\org.eclipse.equinox.launcher\org.eclipse.equinox.launcher.win32.win32.x86_64_1.3.0.v20260203-2149;C:\Users\USER\AppData\Local\Temp\jna--1514262070

VM Arguments:
jvm_args: --add-modules=ALL-SYSTEM --add-opens=java.base/java.util=ALL-UNNAMED --add-opens=java.base/java.lang=ALL-UNNAMED --add-opens=java.base/sun.nio.fs=ALL-UNNAMED -Declipse.application=org.eclipse.jdt.ls.core.id1 -Dosgi.bundles.defaultStartLevel=4 -Declipse.product=org.eclipse.jdt.ls.core.product -Djava.import.generatesMetadataFilesAtProjectRoot=false -DDetectVMInstallationsJob.disabled=true -Dfile.encoding=utf8 -XX:+UseParallelGC -XX:GCTimeRatio=4 -XX:AdaptiveSizePolicyWeight=90 -Dsun.zip.disableMemoryMapping=true -Xmx2G -Xms100m -Xlog:disable -javaagent:c:\Users\USER\.vscode\extensions\redhat.java-1.54.0-win32-x64\lombok\lombok-1.18.39-4050.jar -XX:+HeapDumpOnOutOfMemoryError -XX:HeapDumpPath=c:\Users\USER\AppData\Roaming\Code\User\workspaceStorage\cd045c126cf2332a68b18ccbb19b3d90\redhat.java -Daether.dependencyCollector.impl=bf 
java_command: c:\Users\USER\.vscode\extensions\redhat.java-1.54.0-win32-x64\server\plugins\org.eclipse.equinox.launcher_1.7.100.v20251111-0406.jar -configuration c:\Users\USER\AppData\Roaming\Code\User\globalStorage\redhat.java\1.54.0\config_win -data c:\Users\USER\AppData\Roaming\Code\User\workspaceStorage\cd045c126cf2332a68b18ccbb19b3d90\redhat.java\jdt_ws --pipe=\\.\pipe\lsp-c7fc12aa321a7ba3a4cb6a281ad71440-sock
java_class_path (initial): c:\Users\USER\.vscode\extensions\redhat.java-1.54.0-win32-x64\server\plugins\org.eclipse.equinox.launcher_1.7.100.v20251111-0406.jar
Launcher Type: SUN_STANDARD

[Global flags]
    uintx AdaptiveSizePolicyWeight                 = 90                                        {product} {command line}
     intx CICompilerCount                          = 4                                         {product} {ergonomic}
    uintx GCTimeRatio                              = 4                                         {product} {command line}
     bool HeapDumpOnOutOfMemoryError               = true                                   {manageable} {command line}
    ccstr HeapDumpPath                             = c:\Users\USER\AppData\Roaming\Code\User\workspaceStorage\cd045c126cf2332a68b18ccbb19b3d90\redhat.java         {manageable} {command line}
   size_t InitialHeapSize                          = 104857600                                 {product} {command line}
   size_t MaxHeapSize                              = 2147483648                                {product} {command line}
   size_t MaxNewSize                               = 715653120                                 {product} {ergonomic}
   size_t MinHeapDeltaBytes                        = 524288                                    {product} {ergonomic}
   size_t MinHeapSize                              = 104857600                                 {product} {command line}
   size_t NewSize                                  = 34603008                                  {product} {ergonomic}
    uintx NonNMethodCodeHeapSize                   = 5839372                                {pd product} {ergonomic}
    uintx NonProfiledCodeHeapSize                  = 122909434                              {pd product} {ergonomic}
   size_t OldSize                                  = 70254592                                  {product} {ergonomic}
    uintx ProfiledCodeHeapSize                     = 122909434                              {pd product} {ergonomic}
    uintx ReservedCodeCacheSize                    = 251658240                              {pd product} {ergonomic}
     bool SegmentedCodeCache                       = true                                      {product} {ergonomic}
   size_t SoftMaxHeapSize                          = 2147483648                             {manageable} {ergonomic}
     bool UseCompressedOops                        = true                           {product lp64_product} {ergonomic}
     bool UseLargePagesIndividualAllocation        = false                                  {pd product} {ergonomic}
     bool UseParallelGC                            = true                                      {product} {command line}

Logging:
Log output configuration:
 #0: stdout all=off uptime,level,tags foldmultilines=false
 #1: stderr all=off uptime,level,tags foldmultilines=false

Release file:
JAVA_VERSION="21.0.10" 
MODULES="java.base java.compiler java.datatransfer java.xml java.prefs java.desktop java.instrument java.logging java.management java.security.sasl java.naming java.rmi java.management.rmi java.net.http java.scripting java.security.jgss java.transaction.xa java.sql java.sql.rowset java.xml.crypto java.se java.smartcardio jdk.accessibility jdk.internal.jvmstat jdk.attach jdk.charsets jdk.internal.opt jdk.zipfs jdk.compiler jdk.crypto.ec jdk.crypto.cryptoki jdk.crypto.mscapi jdk.dynalink jdk.internal.ed jdk.editpad jdk.hotspot.agent jdk.httpserver jdk.internal.le jdk.internal.vm.ci jdk.internal.vm.compiler jdk.internal.vm.compiler.management jdk.jartool jdk.javadoc jdk.jcmd jdk.management jdk.management.agent jdk.jconsole jdk.jdeps jdk.jdwp.agent jdk.jdi jdk.jfr jdk.jshell jdk.jsobject jdk.jstatd jdk.localedata jdk.management.jfr jdk.naming.dns jdk.naming.rmi jdk.net jdk.nio.mapmode jdk.random jdk.sctp jdk.security.auth jdk.security.jgss jdk.unsupported jdk.unsupported.desktop jdk.xml.dom" 

Environment Variables:
JAVA_HOME=C:\Program Files\Java\jdk-21
PATH=C:\Program Files\Common Files\Oracle\Java\javapath;C:\Windows\system32;C:\Windows;C:\Windows\System32\Wbem;C:\Windows\System32\WindowsPowerShell\v1.0\;C:\Windows\System32\OpenSSH\;C:\Program Files\nodejs\;C:\Program Files\Git\cmd;C:\Program Files\Docker\Docker\resources\bin;C:\Program Files\Java\jdk-21\bin;C:\Program Files\maven-mvnd-1.0.3-windows-amd64\maven-mvnd-1.0.3-windows-amd64\mvn\bin;C:\Program Files\PostgreSQL\18\bin;C:\Program Files\Amazon\AWSCLIV2\;c:\Users\USER\AppData\Local\Programs\cursor\resources\app\codeBin;C:\Users\USER\AppData\Local\Programs\Python\Launcher\;C:\Users\USER\AppData\Local\Microsoft\WindowsApps;C:\Users\USER\AppData\Local\Programs\Microsoft VS Code\bin;C:\Users\USER\AppData\Roaming\npm;C:\Users\USER\AppData\Local\Python\bin;C:\Users\USER\AppData\Local\Programs\cursor\resources\app\bin
USERNAME=ck collins
OS=Windows_NT
PROCESSOR_IDENTIFIER=Intel64 Family 6 Model 142 Stepping 12, GenuineIntel
TMP=C:\Users\USER\AppData\Local\Temp
TEMP=C:\Users\USER\AppData\Local\Temp




Periodic native trim disabled

---------------  S Y S T E M  ---------------

OS:
 Windows 11 , 64 bit Build 22000 (10.0.22000.2538)
OS uptime: 0 days 23:59 hours
Hyper-V role detected

CPU: total 8 (initial active 8) (4 cores per cpu, 2 threads per core) family 6 model 142 stepping 12 microcode 0x100, cx8, cmov, fxsr, ht, mmx, 3dnowpref, sse, sse2, sse3, ssse3, sse4.1, sse4.2, popcnt, lzcnt, tsc, tscinvbit, avx, avx2, aes, erms, clmul, bmi1, bmi2, adx, fma, vzeroupper, clflush, clflushopt, hv, rdtscp, f16c
Processor Information for processor 0
  Max Mhz: 1800, Current Mhz: 1600, Mhz Limit: 1584
Processor Information for processor 1
  Max Mhz: 1800, Current Mhz: 1600, Mhz Limit: 1584
Processor Information for processor 2
  Max Mhz: 1800, Current Mhz: 1600, Mhz Limit: 1584
Processor Information for processor 3
  Max Mhz: 1800, Current Mhz: 1600, Mhz Limit: 1584
Processor Information for processor 4
  Max Mhz: 1800, Current Mhz: 1500, Mhz Limit: 1584
Processor Information for processor 5
  Max Mhz: 1800, Current Mhz: 1600, Mhz Limit: 1584
Processor Information for processor 6
  Max Mhz: 1800, Current Mhz: 1600, Mhz Limit: 1584
Processor Information for processor 7
  Max Mhz: 1800, Current Mhz: 1600, Mhz Limit: 1584

Memory: 4k page, system-wide physical 7932M (396M free)
TotalPageFile size 20353M (AvailPageFile size 0M)
current process WorkingSet (physical memory assigned to process): 22M, peak: 373M
current process commit charge ("private bytes"): 382M, peak: 447M

vm_info: OpenJDK 64-Bit Server VM (21.0.10+7-LTS) for windows-amd64 JRE (21.0.10+7-LTS), built on 2026-01-20T00:00:00Z by "admin" with MS VC++ 17.12 (VS2022)

END.
